#
# There is insufficient memory for the Java Runtime Environment to continue.
# Native memory allocation (mmap) failed to map 49283072 bytes. Error detail: G1 virtual space
# Possible reasons:
#   The system is out of physical RAM or swap space
#   This process is running with CompressedOops enabled, and the Java Heap may be blocking the growth of the native heap
# Possible solutions:
#   Reduce memory load on the system
#   Increase physical memory or swap space
#   Check if swap backing store is full
#   Decrease Java heap size (-Xmx/-Xms)
#   Decrease number of Java threads
#   Decrease Java thread stack sizes (-Xss)
#   Set larger code cache with -XX:ReservedCodeCacheSize=
#   JVM is running with Unscaled Compressed Oops mode in which the Java heap is
#     placed in the first 4GB address space. The Java Heap base address is the
#     maximum limit for the native heap growth. Please use -XX:HeapBaseMinAddress
#     to set the Java Heap base and to place the Java Heap above 4GB virtual address.
# This output file may be truncated or incomplete.
#
#  Out of Memory Error (os_windows.cpp:3690), pid=46432, tid=26700
#
# JRE version: OpenJDK Runtime Environment Microsoft-13106358 (17.0.18+8) (build 17.0.18+8-LTS)
# Java VM: OpenJDK 64-Bit Server VM Microsoft-13106358 (17.0.18+8-LTS, mixed mode, sharing, tiered, compressed oops, compressed class ptrs, g1 gc, windows-amd64)
# No core dump will be written. Minidumps are not enabled by default on client versions of Windows
#

---------------  S U M M A R Y ------------

Command Line: -XX:MaxMetaspaceSize=512m --add-opens=java.base/java.util=ALL-UNNAMED --add-opens=java.base/java.lang=ALL-UNNAMED --add-opens=java.base/java.lang.invoke=ALL-UNNAMED --add-opens=java.base/java.util=ALL-UNNAMED --add-opens=java.prefs/java.util.prefs=ALL-UNNAMED --add-opens=java.prefs/java.util.prefs=ALL-UNNAMED --add-opens=java.base/java.nio.charset=ALL-UNNAMED --add-opens=java.base/java.net=ALL-UNNAMED --add-opens=java.base/java.util.concurrent.atomic=ALL-UNNAMED -Xmx2048m -Dfile.encoding=windows-1252 -Duser.country=US -Duser.language=en -Duser.variant org.gradle.launcher.daemon.bootstrap.GradleDaemon 7.5.1

Host: 12th Gen Intel(R) Core(TM) i5-1230U, 12 cores, 7G,  Windows 11 , 64 bit Build 26100 (10.0.26100.7920)
Time: Tue Apr  7 22:52:25 2026 Eastern Daylight Time elapsed time: 242.835711 seconds (0d 0h 4m 2s)

---------------  T H R E A D  ---------------

Current thread (0x000001d19dcdba60):  VMThread "VM Thread" [stack: 0x0000008eb7900000,0x0000008eb7a00000] [id=26700]

Stack: [0x0000008eb7900000,0x0000008eb7a00000]
Native frames: (J=compiled Java code, j=interpreted, Vv=VM code, C=native code)
V  [jvm.dll+0x68c879]  (no source info available)
V  [jvm.dll+0x845979]  (no source info available)
V  [jvm.dll+0x8476e8]  (no source info available)
V  [jvm.dll+0x847d73]  (no source info available)
V  [jvm.dll+0x24cf6f]  (no source info available)
V  [jvm.dll+0x68bc79]  (no source info available)
V  [jvm.dll+0x68023a]  (no source info available)
V  [jvm.dll+0x3101a0]  (no source info available)
V  [jvm.dll+0x310042]  (no source info available)
V  [jvm.dll+0x317599]  (no source info available)
V  [jvm.dll+0x369999]  (no source info available)
V  [jvm.dll+0x369bcd]  (no source info available)
V  [jvm.dll+0x2e69aa]  (no source info available)
V  [jvm.dll+0x2e4da1]  (no source info available)
V  [jvm.dll+0x2e453c]  (no source info available)
V  [jvm.dll+0x328ecb]  (no source info available)
V  [jvm.dll+0x84c5fd]  (no source info available)
V  [jvm.dll+0x84d313]  (no source info available)
V  [jvm.dll+0x84d844]  (no source info available)
V  [jvm.dll+0x84dc28]  (no source info available)
V  [jvm.dll+0x84dd1e]  (no source info available)
V  [jvm.dll+0x7f5ebc]  (no source info available)
V  [jvm.dll+0x68de17]  (no source info available)
C  [ucrtbase.dll+0x37b0]  (no source info available)
C  [KERNEL32.DLL+0x2e8d7]  (no source info available)
C  [ntdll.dll+0x8c48c]  (no source info available)

VM_Operation (0x0000008eb8ff6fc0): G1CollectForAllocation, mode: safepoint, requested by thread 0x000001d1be3c8cc0


---------------  P R O C E S S  ---------------

Threads class SMR info:
_java_thread_list=0x000001d1c0918800, length=38, elements={
0x000001d1ff2ff320, 0x000001d19dce4d90, 0x000001d19dce8e80, 0x000001d19dcfd8e0,
0x000001d19dd001c0, 0x000001d19dd00a90, 0x000001d19dd01360, 0x000001d19dd01f60,
0x000001d19dd091c0, 0x000001d1bd038410, 0x000001d1bd133bd0, 0x000001d1bd146720,
0x000001d1bf5c4010, 0x000001d1be1400f0, 0x000001d1be5ca080, 0x000001d1beaaafc0,
0x000001d1bd57c450, 0x000001d1be4ad040, 0x000001d1be3c8cc0, 0x000001d1be3c9bf0,
0x000001d1be3c91d0, 0x000001d1be3ca100, 0x000001d1be3cab20, 0x000001d1be3ca610,
0x000001d1be3cb030, 0x000001d1be3c7880, 0x000001d1be3c7d90, 0x000001d1be3c82a0,
0x000001d1be3c87b0, 0x000001d1bf429aa0, 0x000001d1bf42c320, 0x000001d1bf429080,
0x000001d1bf428b70, 0x000001d1bf42b3f0, 0x000001d1bf42cd40, 0x000001d1bf42be10,
0x000001d1bf429590, 0x000001d1bf42d250
}

Java Threads: ( => current thread )
  0x000001d1ff2ff320 JavaThread "main" [_thread_blocked, id=49128, stack(0x0000008eb7300000,0x0000008eb7400000)]
  0x000001d19dce4d90 JavaThread "Reference Handler" daemon [_thread_blocked, id=33840, stack(0x0000008eb7a00000,0x0000008eb7b00000)]
  0x000001d19dce8e80 JavaThread "Finalizer" daemon [_thread_blocked, id=31548, stack(0x0000008eb7b00000,0x0000008eb7c00000)]
  0x000001d19dcfd8e0 JavaThread "Signal Dispatcher" daemon [_thread_blocked, id=39364, stack(0x0000008eb7c00000,0x0000008eb7d00000)]
  0x000001d19dd001c0 JavaThread "Attach Listener" daemon [_thread_blocked, id=46380, stack(0x0000008eb7d00000,0x0000008eb7e00000)]
  0x000001d19dd00a90 JavaThread "Service Thread" daemon [_thread_blocked, id=46460, stack(0x0000008eb7e00000,0x0000008eb7f00000)]
  0x000001d19dd01360 JavaThread "Monitor Deflation Thread" daemon [_thread_blocked, id=27052, stack(0x0000008eb7f00000,0x0000008eb8000000)]
  0x000001d19dd01f60 JavaThread "C2 CompilerThread0" daemon [_thread_blocked, id=34992, stack(0x0000008eb8000000,0x0000008eb8100000)]
  0x000001d19dd091c0 JavaThread "C1 CompilerThread0" daemon [_thread_blocked, id=29456, stack(0x0000008eb8100000,0x0000008eb8200000)]
  0x000001d1bd038410 JavaThread "Sweeper thread" daemon [_thread_blocked, id=33284, stack(0x0000008eb8200000,0x0000008eb8300000)]
  0x000001d1bd133bd0 JavaThread "Common-Cleaner" daemon [_thread_blocked, id=50432, stack(0x0000008eb8300000,0x0000008eb8400000)]
  0x000001d1bd146720 JavaThread "Notification Thread" daemon [_thread_blocked, id=43268, stack(0x0000008eb8400000,0x0000008eb8500000)]
  0x000001d1bf5c4010 JavaThread "Daemon health stats" [_thread_blocked, id=36872, stack(0x0000008eb8a00000,0x0000008eb8b00000)]
  0x000001d1be1400f0 JavaThread "Incoming local TCP Connector on port 64595" [_thread_in_native, id=41184, stack(0x0000008eb8b00000,0x0000008eb8c00000)]
  0x000001d1be5ca080 JavaThread "Daemon periodic checks" [_thread_blocked, id=35224, stack(0x0000008eb8c00000,0x0000008eb8d00000)]
  0x000001d1beaaafc0 JavaThread "Daemon" [_thread_blocked, id=15612, stack(0x0000008eb7100000,0x0000008eb7200000)]
  0x000001d1bd57c450 JavaThread "Handler for socket connection from /127.0.0.1:64595 to /127.0.0.1:54694" [_thread_in_native, id=50484, stack(0x0000008eb8d00000,0x0000008eb8e00000)]
  0x000001d1be4ad040 JavaThread "Cancel handler" [_thread_blocked, id=32072, stack(0x0000008eb8e00000,0x0000008eb8f00000)]
  0x000001d1be3c8cc0 JavaThread "Daemon worker" [_thread_blocked, id=7892, stack(0x0000008eb8f00000,0x0000008eb9000000)]
  0x000001d1be3c9bf0 JavaThread "Asynchronous log dispatcher for DefaultDaemonConnection: socket connection from /127.0.0.1:64595 to /127.0.0.1:54694" [_thread_blocked, id=42332, stack(0x0000008eb9000000,0x0000008eb9100000)]
  0x000001d1be3c91d0 JavaThread "Stdin handler" [_thread_blocked, id=42956, stack(0x0000008eb9100000,0x0000008eb9200000)]
  0x000001d1be3ca100 JavaThread "Daemon client event forwarder" [_thread_blocked, id=22776, stack(0x0000008eb9200000,0x0000008eb9300000)]
  0x000001d1be3cab20 JavaThread "Cache worker for journal cache (C:\Users\zBond\.gradle\caches\journal-1)" [_thread_blocked, id=35636, stack(0x0000008eb9300000,0x0000008eb9400000)]
  0x000001d1be3ca610 JavaThread "File lock request listener" [_thread_in_native, id=42756, stack(0x0000008eb9400000,0x0000008eb9500000)]
  0x000001d1be3cb030 JavaThread "Cache worker for file hash cache (C:\Users\zBond\.gradle\caches\7.5.1\fileHashes)" [_thread_blocked, id=1736, stack(0x0000008eb9500000,0x0000008eb9600000)]
  0x000001d1be3c7880 JavaThread "File watcher server" daemon [_thread_in_native, id=11192, stack(0x0000008eb9b00000,0x0000008eb9c00000)]
  0x000001d1be3c7d90 JavaThread "File watcher consumer" daemon [_thread_blocked, id=29156, stack(0x0000008eb9c00000,0x0000008eb9d00000)]
  0x000001d1be3c82a0 JavaThread "Cache worker for checksums cache (C:\Users\zBond\Trash2Cash-all\frontend\android\.gradle\7.5.1\checksums)" [_thread_blocked, id=40420, stack(0x0000008eb9d00000,0x0000008eb9e00000)]
  0x000001d1be3c87b0 JavaThread "Cache worker for cache directory md-rule (C:\Users\zBond\.gradle\caches\7.5.1\md-rule)" [_thread_blocked, id=31448, stack(0x0000008eb9e00000,0x0000008eb9f00000)]
  0x000001d1bf429aa0 JavaThread "Cache worker for file content cache (C:\Users\zBond\.gradle\caches\7.5.1\fileContent)" [_thread_blocked, id=47064, stack(0x0000008eb9f00000,0x0000008eba000000)]
  0x000001d1bf42c320 JavaThread "Cache worker for file hash cache (C:\Users\zBond\Trash2Cash-all\frontend\android\.gradle\7.5.1\fileHashes)" [_thread_blocked, id=43276, stack(0x0000008eba000000,0x0000008eba100000)]
  0x000001d1bf429080 JavaThread "Cache worker for cache directory md-supplier (C:\Users\zBond\.gradle\caches\7.5.1\md-supplier)" [_thread_blocked, id=17216, stack(0x0000008eba100000,0x0000008eba200000)]
  0x000001d1bf428b70 JavaThread "Cache worker for execution history cache (C:\Users\zBond\.gradle\caches\7.5.1\executionHistory)" [_thread_blocked, id=7828, stack(0x0000008eba400000,0x0000008eba500000)]
  0x000001d1bf42b3f0 JavaThread "jar transforms" [_thread_blocked, id=45600, stack(0x0000008eba500000,0x0000008eba600000)]
  0x000001d1bf42cd40 JavaThread "jar transforms Thread 2" [_thread_blocked, id=40816, stack(0x0000008eba800000,0x0000008eba900000)]
  0x000001d1bf42be10 JavaThread "jar transforms Thread 3" [_thread_blocked, id=41368, stack(0x0000008eba900000,0x0000008ebaa00000)]
  0x000001d1bf429590 JavaThread "jar transforms Thread 4" [_thread_blocked, id=48864, stack(0x0000008ebaa00000,0x0000008ebab00000)]
  0x000001d1bf42d250 JavaThread "Cache worker for kotlin-dsl (C:\Users\zBond\.gradle\caches\7.5.1\kotlin-dsl)" [_thread_blocked, id=47524, stack(0x0000008eb7000000,0x0000008eb7100000)]

Other Threads:
=>0x000001d19dcdba60 VMThread "VM Thread" [stack: 0x0000008eb7900000,0x0000008eb7a00000] [id=26700]
  0x000001d1bd148c10 WatcherThread [stack: 0x0000008eb8500000,0x0000008eb8600000] [id=38444]
  0x000001d1ff35ddc0 GCTaskThread "GC Thread#0" [stack: 0x0000008eb7400000,0x0000008eb7500000] [id=42540]
  0x000001d1bddcfd50 GCTaskThread "GC Thread#1" [stack: 0x0000008eb8600000,0x0000008eb8700000] [id=33332]
  0x000001d1bddd01f0 GCTaskThread "GC Thread#2" [stack: 0x0000008eb8700000,0x0000008eb8800000] [id=36280]
  0x000001d1bdbfeb80 GCTaskThread "GC Thread#3" [stack: 0x0000008eb8800000,0x0000008eb8900000] [id=33072]
  0x000001d1bdbfa670 GCTaskThread "GC Thread#4" [stack: 0x0000008eb8900000,0x0000008eb8a00000] [id=46788]
  0x000001d1bdbfac10 GCTaskThread "GC Thread#5" [stack: 0x0000008eb9600000,0x0000008eb9700000] [id=30808]
  0x000001d1bdbfa0d0 GCTaskThread "GC Thread#6" [stack: 0x0000008eb9700000,0x0000008eb9800000] [id=22036]
  0x000001d1bdbfb750 GCTaskThread "GC Thread#7" [stack: 0x0000008eb9800000,0x0000008eb9900000] [id=35780]
  0x000001d1bdbfa3a0 GCTaskThread "GC Thread#8" [stack: 0x0000008eb9900000,0x0000008eb9a00000] [id=48024]
  0x000001d1bdbf9e00 GCTaskThread "GC Thread#9" [stack: 0x0000008eb9a00000,0x0000008eb9b00000] [id=16668]
  0x000001d1ff370c40 ConcurrentGCThread "G1 Main Marker" [stack: 0x0000008eb7500000,0x0000008eb7600000] [id=43624]
  0x000001d1ff371570 ConcurrentGCThread "G1 Conc#0" [stack: 0x0000008eb7600000,0x0000008eb7700000] [id=27048]
  0x000001d1bf648d40 ConcurrentGCThread "G1 Conc#1" [stack: 0x0000008eba200000,0x0000008eba300000] [id=7156]
  0x000001d1bf6476c0 ConcurrentGCThread "G1 Conc#2" [stack: 0x0000008eba300000,0x0000008eba400000] [id=22200]
  0x000001d1ff3aea00 ConcurrentGCThread "G1 Refine#0" [stack: 0x0000008eb7700000,0x0000008eb7800000] [id=13024]
  0x000001d19db931e0 ConcurrentGCThread "G1 Service" [stack: 0x0000008eb7800000,0x0000008eb7900000] [id=34592]

Threads with active compile tasks:
C2 CompilerThread0  243110 7423       4       java.util.StringTokenizer::scanToken (179 bytes)
C1 CompilerThread0  243110 7449       1       org.gradle.kotlin.dsl.codegen.ApiTypeProvider::access$getRepository$p (5 bytes)

VM state: at safepoint (normal execution)

VM Mutex/Monitor currently owned by a thread:  ([mutex/lock_event])
[0x000001d1fcf55410] Threads_lock - owner thread: 0x000001d19dcdba60
[0x000001d1ff2fd2c0] Heap_lock - owner thread: 0x000001d1be3c8cc0

Heap address: 0x0000000080000000, size: 2048 MB, Compressed Oops mode: 32-bit

CDS archive(s) mapped at: [0x000001d19e000000-0x000001d19ebb0000-0x000001d19ebb0000), size 12255232, SharedBaseAddress: 0x000001d19e000000, ArchiveRelocationMode: 1.
Compressed class space mapped at: 0x000001d19f000000-0x000001d1b9000000, reserved size: 436207616
Narrow klass base: 0x000001d19e000000, Narrow klass shift: 0, Narrow klass range: 0x100000000

GC Precious Log:
 CPUs: 12 total, 12 available
 Memory: 7812M
 Large Page Support: Disabled
 NUMA Support: Disabled
 Compressed Oops: Enabled (32-bit)
 Heap Region Size: 1M
 Heap Min Capacity: 8M
 Heap Initial Capacity: 124M
 Heap Max Capacity: 2G
 Pre-touch: Disabled
 Parallel Workers: 10
 Concurrent Workers: 3
 Concurrent Refinement Workers: 10
 Periodic GC: Disabled

Heap:
 garbage-first heap   total 239616K, used 62993K [0x0000000080000000, 0x0000000100000000)
  region size 1024K, 6 young (6144K), 6 survivors (6144K)
 Metaspace       used 41818K, committed 42304K, reserved 491520K
  class space    used 5525K, committed 5760K, reserved 425984K

Heap Regions: E=young(eden), S=young(survivor), O=old, HS=humongous(starts), HC=humongous(continues), CS=collection set, F=free, OA=open archive, CA=closed archive, TAMS=top-at-mark-start (previous, next)
|   0|0x0000000080000000, 0x0000000080100000, 0x0000000080100000|100%| O|  |TAMS 0x0000000080100000, 0x0000000080000000| Untracked 
|   1|0x0000000080100000, 0x0000000080200000, 0x0000000080200000|100%| O|  |TAMS 0x0000000080200000, 0x0000000080100000| Untracked 
|   2|0x0000000080200000, 0x0000000080300000, 0x0000000080300000|100%| O|  |TAMS 0x0000000080300000, 0x0000000080200000| Untracked 
|   3|0x0000000080300000, 0x0000000080400000, 0x0000000080400000|100%|HS|  |TAMS 0x0000000080400000, 0x0000000080300000| Complete 
|   4|0x0000000080400000, 0x0000000080500000, 0x0000000080500000|100%|HC|  |TAMS 0x0000000080500000, 0x0000000080400000| Complete 
|   5|0x0000000080500000, 0x0000000080600000, 0x0000000080600000|100%|HC|  |TAMS 0x0000000080600000, 0x0000000080500000| Complete 
|   6|0x0000000080600000, 0x0000000080700000, 0x0000000080700000|100%| O|  |TAMS 0x0000000080700000, 0x0000000080600000| Untracked 
|   7|0x0000000080700000, 0x0000000080800000, 0x0000000080800000|100%| O|  |TAMS 0x0000000080800000, 0x0000000080700000| Untracked 
|   8|0x0000000080800000, 0x0000000080900000, 0x0000000080900000|100%| O|  |TAMS 0x0000000080900000, 0x0000000080800000| Untracked 
|   9|0x0000000080900000, 0x0000000080a00000, 0x0000000080a00000|100%| O|  |TAMS 0x0000000080a00000, 0x0000000080900000| Untracked 
|  10|0x0000000080a00000, 0x0000000080b00000, 0x0000000080b00000|100%| O|  |TAMS 0x0000000080b00000, 0x0000000080a00000| Untracked 
|  11|0x0000000080b00000, 0x0000000080c00000, 0x0000000080c00000|100%| O|  |TAMS 0x0000000080c00000, 0x0000000080b00000| Untracked 
|  12|0x0000000080c00000, 0x0000000080d00000, 0x0000000080d00000|100%| O|  |TAMS 0x0000000080d00000, 0x0000000080c00000| Untracked 
|  13|0x0000000080d00000, 0x0000000080e00000, 0x0000000080e00000|100%| O|  |TAMS 0x0000000080e00000, 0x0000000080d00000| Untracked 
|  14|0x0000000080e00000, 0x0000000080f00000, 0x0000000080f00000|100%| O|  |TAMS 0x0000000080f00000, 0x0000000080e00000| Untracked 
|  15|0x0000000080f00000, 0x0000000081000000, 0x0000000081000000|100%| O|  |TAMS 0x0000000081000000, 0x0000000080f00000| Untracked 
|  16|0x0000000081000000, 0x0000000081100000, 0x0000000081100000|100%| O|  |TAMS 0x0000000081100000, 0x0000000081000000| Untracked 
|  17|0x0000000081100000, 0x0000000081200000, 0x0000000081200000|100%| O|  |TAMS 0x0000000081200000, 0x0000000081100000| Untracked 
|  18|0x0000000081200000, 0x0000000081300000, 0x0000000081300000|100%| O|  |TAMS 0x0000000081300000, 0x0000000081200000| Untracked 
|  19|0x0000000081300000, 0x0000000081362000, 0x0000000081400000| 38%| O|  |TAMS 0x0000000081362000, 0x0000000081300000| Untracked 
|  20|0x0000000081400000, 0x0000000081500000, 0x0000000081500000|100%| O|  |TAMS 0x0000000081500000, 0x0000000081400000| Untracked 
|  21|0x0000000081500000, 0x0000000081600000, 0x0000000081600000|100%| O|  |TAMS 0x0000000081600000, 0x0000000081500000| Untracked 
|  22|0x0000000081600000, 0x0000000081700000, 0x0000000081700000|100%| O|  |TAMS 0x0000000081700000, 0x0000000081600000| Untracked 
|  23|0x0000000081700000, 0x0000000081800000, 0x0000000081800000|100%| O|  |TAMS 0x0000000081800000, 0x0000000081700000| Untracked 
|  24|0x0000000081800000, 0x0000000081900000, 0x0000000081900000|100%| O|  |TAMS 0x0000000081900000, 0x0000000081800000| Untracked 
|  25|0x0000000081900000, 0x0000000081a00000, 0x0000000081a00000|100%| O|  |TAMS 0x0000000081900000, 0x0000000081900000| Untracked 
|  26|0x0000000081a00000, 0x0000000081b00000, 0x0000000081b00000|100%| O|  |TAMS 0x0000000081a00000, 0x0000000081a00000| Untracked 
|  27|0x0000000081b00000, 0x0000000081c00000, 0x0000000081c00000|100%| O|  |TAMS 0x0000000081b00000, 0x0000000081b00000| Untracked 
|  28|0x0000000081c00000, 0x0000000081d00000, 0x0000000081d00000|100%| O|  |TAMS 0x0000000081c00000, 0x0000000081c00000| Untracked 
|  29|0x0000000081d00000, 0x0000000081e00000, 0x0000000081e00000|100%| O|  |TAMS 0x0000000081d00000, 0x0000000081d00000| Untracked 
|  30|0x0000000081e00000, 0x0000000081f00000, 0x0000000081f00000|100%| O|  |TAMS 0x0000000081e00000, 0x0000000081e00000| Untracked 
|  31|0x0000000081f00000, 0x0000000082000000, 0x0000000082000000|100%| O|  |TAMS 0x0000000082000000, 0x0000000081f00000| Untracked 
|  32|0x0000000082000000, 0x0000000082100000, 0x0000000082100000|100%| O|  |TAMS 0x0000000082035c00, 0x0000000082000000| Untracked 
|  33|0x0000000082100000, 0x0000000082200000, 0x0000000082200000|100%| O|  |TAMS 0x0000000082100000, 0x0000000082100000| Untracked 
|  34|0x0000000082200000, 0x0000000082300000, 0x0000000082300000|100%| O|  |TAMS 0x0000000082200000, 0x0000000082200000| Untracked 
|  35|0x0000000082300000, 0x0000000082400000, 0x0000000082400000|100%| O|  |TAMS 0x0000000082300000, 0x0000000082300000| Untracked 
|  36|0x0000000082400000, 0x0000000082500000, 0x0000000082500000|100%| O|  |TAMS 0x0000000082400000, 0x0000000082400000| Untracked 
|  37|0x0000000082500000, 0x0000000082600000, 0x0000000082600000|100%| O|  |TAMS 0x0000000082500000, 0x0000000082500000| Untracked 
|  38|0x0000000082600000, 0x0000000082700000, 0x0000000082700000|100%| O|  |TAMS 0x0000000082600000, 0x0000000082600000| Untracked 
|  39|0x0000000082700000, 0x0000000082800000, 0x0000000082800000|100%| O|  |TAMS 0x0000000082700000, 0x0000000082700000| Untracked 
|  40|0x0000000082800000, 0x0000000082900000, 0x0000000082900000|100%| O|  |TAMS 0x0000000082800000, 0x0000000082800000| Untracked 
|  41|0x0000000082900000, 0x0000000082a00000, 0x0000000082a00000|100%| O|  |TAMS 0x0000000082900000, 0x0000000082900000| Untracked 
|  42|0x0000000082a00000, 0x0000000082b00000, 0x0000000082b00000|100%| O|  |TAMS 0x0000000082a00000, 0x0000000082a00000| Untracked 
|  43|0x0000000082b00000, 0x0000000082c00000, 0x0000000082c00000|100%| O|  |TAMS 0x0000000082b00000, 0x0000000082b00000| Untracked 
|  44|0x0000000082c00000, 0x0000000082d00000, 0x0000000082d00000|100%| O|  |TAMS 0x0000000082c00000, 0x0000000082c00000| Untracked 
|  45|0x0000000082d00000, 0x0000000082e00000, 0x0000000082e00000|100%| O|  |TAMS 0x0000000082d00000, 0x0000000082d00000| Untracked 
|  46|0x0000000082e00000, 0x0000000082f00000, 0x0000000082f00000|100%| O|  |TAMS 0x0000000082e00000, 0x0000000082e00000| Untracked 
|  47|0x0000000082f00000, 0x0000000083000000, 0x0000000083000000|100%| O|  |TAMS 0x0000000082f00000, 0x0000000082f00000| Untracked 
|  48|0x0000000083000000, 0x0000000083100000, 0x0000000083100000|100%| O|  |TAMS 0x0000000083000000, 0x0000000083000000| Untracked 
|  49|0x0000000083100000, 0x0000000083200000, 0x0000000083200000|100%| O|  |TAMS 0x0000000083100000, 0x0000000083100000| Untracked 
|  50|0x0000000083200000, 0x0000000083300000, 0x0000000083300000|100%| O|  |TAMS 0x0000000083200000, 0x0000000083200000| Untracked 
|  51|0x0000000083300000, 0x0000000083400000, 0x0000000083400000|100%| O|  |TAMS 0x0000000083300000, 0x0000000083300000| Untracked 
|  52|0x0000000083400000, 0x0000000083500000, 0x0000000083500000|100%| O|  |TAMS 0x0000000083400000, 0x0000000083400000| Untracked 
|  53|0x0000000083500000, 0x0000000083600000, 0x0000000083600000|100%| O|  |TAMS 0x0000000083500000, 0x0000000083500000| Untracked 
|  54|0x0000000083600000, 0x0000000083700000, 0x0000000083700000|100%| O|  |TAMS 0x0000000083600000, 0x0000000083600000| Untracked 
|  55|0x0000000083700000, 0x0000000083800000, 0x0000000083800000|100%| O|  |TAMS 0x0000000083700000, 0x0000000083700000| Untracked 
|  56|0x0000000083800000, 0x00000000838d9800, 0x0000000083900000| 84%| O|  |TAMS 0x0000000083800000, 0x0000000083800000| Untracked 
|  57|0x0000000083900000, 0x0000000083900000, 0x0000000083a00000|  0%| F|  |TAMS 0x0000000083900000, 0x0000000083900000| Untracked 
|  58|0x0000000083a00000, 0x0000000083a00000, 0x0000000083b00000|  0%| F|  |TAMS 0x0000000083a00000, 0x0000000083a00000| Untracked 
|  59|0x0000000083b00000, 0x0000000083b00000, 0x0000000083c00000|  0%| F|  |TAMS 0x0000000083b00000, 0x0000000083b00000| Untracked 
|  60|0x0000000083c00000, 0x0000000083c00000, 0x0000000083d00000|  0%| F|  |TAMS 0x0000000083c00000, 0x0000000083c00000| Untracked 
|  61|0x0000000083d00000, 0x0000000083d00000, 0x0000000083e00000|  0%| F|  |TAMS 0x0000000083d00000, 0x0000000083d00000| Untracked 
|  62|0x0000000083e00000, 0x0000000083e00000, 0x0000000083f00000|  0%| F|  |TAMS 0x0000000083e00000, 0x0000000083e00000| Untracked 
|  63|0x0000000083f00000, 0x0000000083f00000, 0x0000000084000000|  0%| F|  |TAMS 0x0000000083f00000, 0x0000000083f00000| Untracked 
|  64|0x0000000084000000, 0x0000000084000000, 0x0000000084100000|  0%| F|  |TAMS 0x0000000084000000, 0x0000000084000000| Untracked 
|  65|0x0000000084100000, 0x0000000084100000, 0x0000000084200000|  0%| F|  |TAMS 0x0000000084100000, 0x0000000084100000| Untracked 
|  66|0x0000000084200000, 0x0000000084200000, 0x0000000084300000|  0%| F|  |TAMS 0x0000000084200000, 0x0000000084200000| Untracked 
|  67|0x0000000084300000, 0x0000000084300000, 0x0000000084400000|  0%| F|  |TAMS 0x0000000084300000, 0x0000000084300000| Untracked 
|  68|0x0000000084400000, 0x0000000084400000, 0x0000000084500000|  0%| F|  |TAMS 0x0000000084400000, 0x0000000084400000| Untracked 
|  69|0x0000000084500000, 0x0000000084500000, 0x0000000084600000|  0%| F|  |TAMS 0x0000000084500000, 0x0000000084500000| Untracked 
|  70|0x0000000084600000, 0x0000000084600000, 0x0000000084700000|  0%| F|  |TAMS 0x0000000084600000, 0x0000000084600000| Untracked 
|  71|0x0000000084700000, 0x0000000084700000, 0x0000000084800000|  0%| F|  |TAMS 0x0000000084700000, 0x0000000084700000| Untracked 
|  72|0x0000000084800000, 0x0000000084800000, 0x0000000084900000|  0%| F|  |TAMS 0x0000000084800000, 0x0000000084800000| Untracked 
|  73|0x0000000084900000, 0x0000000084900000, 0x0000000084a00000|  0%| F|  |TAMS 0x0000000084900000, 0x0000000084900000| Untracked 
|  74|0x0000000084a00000, 0x0000000084a00000, 0x0000000084b00000|  0%| F|  |TAMS 0x0000000084a00000, 0x0000000084a00000| Untracked 
|  75|0x0000000084b00000, 0x0000000084b00000, 0x0000000084c00000|  0%| F|  |TAMS 0x0000000084b00000, 0x0000000084b00000| Untracked 
|  76|0x0000000084c00000, 0x0000000084c00000, 0x0000000084d00000|  0%| F|  |TAMS 0x0000000084c00000, 0x0000000084c00000| Untracked 
|  77|0x0000000084d00000, 0x0000000084d00000, 0x0000000084e00000|  0%| F|  |TAMS 0x0000000084d00000, 0x0000000084d00000| Untracked 
|  78|0x0000000084e00000, 0x0000000084e00000, 0x0000000084f00000|  0%| F|  |TAMS 0x0000000084e00000, 0x0000000084e00000| Untracked 
|  79|0x0000000084f00000, 0x0000000084f00000, 0x0000000085000000|  0%| F|  |TAMS 0x0000000084f00000, 0x0000000084f00000| Untracked 
|  80|0x0000000085000000, 0x0000000085000000, 0x0000000085100000|  0%| F|  |TAMS 0x0000000085000000, 0x0000000085000000| Untracked 
|  81|0x0000000085100000, 0x0000000085100000, 0x0000000085200000|  0%| F|  |TAMS 0x0000000085100000, 0x0000000085100000| Untracked 
|  82|0x0000000085200000, 0x0000000085200000, 0x0000000085300000|  0%| F|  |TAMS 0x0000000085200000, 0x0000000085200000| Untracked 
|  83|0x0000000085300000, 0x0000000085300000, 0x0000000085400000|  0%| F|  |TAMS 0x0000000085300000, 0x0000000085300000| Untracked 
|  84|0x0000000085400000, 0x0000000085400000, 0x0000000085500000|  0%| F|  |TAMS 0x0000000085400000, 0x0000000085400000| Untracked 
|  85|0x0000000085500000, 0x0000000085500000, 0x0000000085600000|  0%| F|  |TAMS 0x0000000085500000, 0x0000000085500000| Untracked 
|  86|0x0000000085600000, 0x0000000085600000, 0x0000000085700000|  0%| F|  |TAMS 0x0000000085600000, 0x0000000085600000| Untracked 
|  87|0x0000000085700000, 0x0000000085700000, 0x0000000085800000|  0%| F|  |TAMS 0x0000000085700000, 0x0000000085700000| Untracked 
|  88|0x0000000085800000, 0x0000000085800000, 0x0000000085900000|  0%| F|  |TAMS 0x0000000085800000, 0x0000000085800000| Untracked 
|  89|0x0000000085900000, 0x0000000085900000, 0x0000000085a00000|  0%| F|  |TAMS 0x0000000085900000, 0x0000000085900000| Untracked 
|  90|0x0000000085a00000, 0x0000000085a00000, 0x0000000085b00000|  0%| F|  |TAMS 0x0000000085a00000, 0x0000000085a00000| Untracked 
|  91|0x0000000085b00000, 0x0000000085b00000, 0x0000000085c00000|  0%| F|  |TAMS 0x0000000085b00000, 0x0000000085b00000| Untracked 
|  92|0x0000000085c00000, 0x0000000085c00000, 0x0000000085d00000|  0%| F|  |TAMS 0x0000000085c00000, 0x0000000085c00000| Untracked 
|  93|0x0000000085d00000, 0x0000000085d00000, 0x0000000085e00000|  0%| F|  |TAMS 0x0000000085d00000, 0x0000000085d00000| Untracked 
|  94|0x0000000085e00000, 0x0000000085e48d50, 0x0000000085f00000| 28%| S|CS|TAMS 0x0000000085e00000, 0x0000000085e00000| Complete 
|  95|0x0000000085f00000, 0x0000000086000000, 0x0000000086000000|100%| S|CS|TAMS 0x0000000085f00000, 0x0000000085f00000| Complete 
|  96|0x0000000086000000, 0x0000000086100000, 0x0000000086100000|100%| S|CS|TAMS 0x0000000086000000, 0x0000000086000000| Complete 
|  97|0x0000000086100000, 0x0000000086200000, 0x0000000086200000|100%| S|CS|TAMS 0x0000000086100000, 0x0000000086100000| Complete 
|  98|0x0000000086200000, 0x0000000086300000, 0x0000000086300000|100%| S|CS|TAMS 0x0000000086200000, 0x0000000086200000| Complete 
|  99|0x0000000086300000, 0x0000000086400000, 0x0000000086400000|100%| S|CS|TAMS 0x0000000086300000, 0x0000000086300000| Complete 
| 100|0x0000000086400000, 0x0000000086400000, 0x0000000086500000|  0%| F|  |TAMS 0x0000000086400000, 0x0000000086400000| Untracked 
| 101|0x0000000086500000, 0x0000000086500000, 0x0000000086600000|  0%| F|  |TAMS 0x0000000086500000, 0x0000000086500000| Untracked 
| 102|0x0000000086600000, 0x0000000086600000, 0x0000000086700000|  0%| F|  |TAMS 0x0000000086600000, 0x0000000086600000| Untracked 
| 103|0x0000000086700000, 0x0000000086700000, 0x0000000086800000|  0%| F|  |TAMS 0x0000000086700000, 0x0000000086700000| Untracked 
| 104|0x0000000086800000, 0x0000000086800000, 0x0000000086900000|  0%| F|  |TAMS 0x0000000086800000, 0x0000000086800000| Untracked 
| 105|0x0000000086900000, 0x0000000086900000, 0x0000000086a00000|  0%| F|  |TAMS 0x0000000086900000, 0x0000000086900000| Untracked 
| 106|0x0000000086a00000, 0x0000000086a00000, 0x0000000086b00000|  0%| F|  |TAMS 0x0000000086a00000, 0x0000000086a00000| Untracked 
| 107|0x0000000086b00000, 0x0000000086b00000, 0x0000000086c00000|  0%| F|  |TAMS 0x0000000086b00000, 0x0000000086b00000| Untracked 
| 108|0x0000000086c00000, 0x0000000086c00000, 0x0000000086d00000|  0%| F|  |TAMS 0x0000000086c00000, 0x0000000086c00000| Untracked 
| 109|0x0000000086d00000, 0x0000000086d00000, 0x0000000086e00000|  0%| F|  |TAMS 0x0000000086d00000, 0x0000000086d00000| Untracked 
| 110|0x0000000086e00000, 0x0000000086e00000, 0x0000000086f00000|  0%| F|  |TAMS 0x0000000086e00000, 0x0000000086e00000| Untracked 
| 111|0x0000000086f00000, 0x0000000086f00000, 0x0000000087000000|  0%| F|  |TAMS 0x0000000086f00000, 0x0000000086f00000| Untracked 
| 112|0x0000000087000000, 0x0000000087000000, 0x0000000087100000|  0%| F|  |TAMS 0x0000000087000000, 0x0000000087000000| Untracked 
| 113|0x0000000087100000, 0x0000000087100000, 0x0000000087200000|  0%| F|  |TAMS 0x0000000087100000, 0x0000000087100000| Untracked 
| 114|0x0000000087200000, 0x0000000087200000, 0x0000000087300000|  0%| F|  |TAMS 0x0000000087200000, 0x0000000087200000| Untracked 
| 115|0x0000000087300000, 0x0000000087300000, 0x0000000087400000|  0%| F|  |TAMS 0x0000000087300000, 0x0000000087300000| Untracked 
| 116|0x0000000087400000, 0x0000000087400000, 0x0000000087500000|  0%| F|  |TAMS 0x0000000087400000, 0x0000000087400000| Untracked 
| 117|0x0000000087500000, 0x0000000087500000, 0x0000000087600000|  0%| F|  |TAMS 0x0000000087500000, 0x0000000087500000| Untracked 
| 118|0x0000000087600000, 0x0000000087600000, 0x0000000087700000|  0%| F|  |TAMS 0x0000000087600000, 0x0000000087600000| Untracked 
| 119|0x0000000087700000, 0x0000000087700000, 0x0000000087800000|  0%| F|  |TAMS 0x0000000087700000, 0x0000000087700000| Untracked 
| 120|0x0000000087800000, 0x0000000087800000, 0x0000000087900000|  0%| F|  |TAMS 0x0000000087800000, 0x0000000087800000| Untracked 
| 121|0x0000000087900000, 0x0000000087900000, 0x0000000087a00000|  0%| F|  |TAMS 0x0000000087900000, 0x0000000087900000| Untracked 
| 122|0x0000000087a00000, 0x0000000087a00000, 0x0000000087b00000|  0%| F|  |TAMS 0x0000000087a00000, 0x0000000087a00000| Untracked 
| 123|0x0000000087b00000, 0x0000000087b00000, 0x0000000087c00000|  0%| F|  |TAMS 0x0000000087b00000, 0x0000000087b00000| Untracked 
| 124|0x0000000087c00000, 0x0000000087c00000, 0x0000000087d00000|  0%| F|  |TAMS 0x0000000087c00000, 0x0000000087c00000| Untracked 
| 125|0x0000000087d00000, 0x0000000087d00000, 0x0000000087e00000|  0%| F|  |TAMS 0x0000000087d00000, 0x0000000087d00000| Untracked 
| 126|0x0000000087e00000, 0x0000000087e00000, 0x0000000087f00000|  0%| F|  |TAMS 0x0000000087e00000, 0x0000000087e00000| Untracked 
| 127|0x0000000087f00000, 0x0000000087f00000, 0x0000000088000000|  0%| F|  |TAMS 0x0000000087f00000, 0x0000000087f00000| Untracked 
| 128|0x0000000088000000, 0x0000000088000000, 0x0000000088100000|  0%| F|  |TAMS 0x0000000088000000, 0x0000000088000000| Untracked 
| 129|0x0000000088100000, 0x0000000088100000, 0x0000000088200000|  0%| F|  |TAMS 0x0000000088100000, 0x0000000088100000| Untracked 
| 130|0x0000000088200000, 0x0000000088200000, 0x0000000088300000|  0%| F|  |TAMS 0x0000000088200000, 0x0000000088200000| Untracked 
| 131|0x0000000088300000, 0x0000000088300000, 0x0000000088400000|  0%| F|  |TAMS 0x0000000088300000, 0x0000000088300000| Untracked 
| 132|0x0000000088400000, 0x0000000088400000, 0x0000000088500000|  0%| F|  |TAMS 0x0000000088400000, 0x0000000088400000| Untracked 
| 133|0x0000000088500000, 0x0000000088500000, 0x0000000088600000|  0%| F|  |TAMS 0x0000000088500000, 0x0000000088500000| Untracked 
| 134|0x0000000088600000, 0x0000000088600000, 0x0000000088700000|  0%| F|  |TAMS 0x0000000088600000, 0x0000000088600000| Untracked 
| 135|0x0000000088700000, 0x0000000088700000, 0x0000000088800000|  0%| F|  |TAMS 0x0000000088700000, 0x0000000088700000| Untracked 
| 136|0x0000000088800000, 0x0000000088800000, 0x0000000088900000|  0%| F|  |TAMS 0x0000000088800000, 0x0000000088800000| Untracked 
| 137|0x0000000088900000, 0x0000000088900000, 0x0000000088a00000|  0%| F|  |TAMS 0x0000000088900000, 0x0000000088900000| Untracked 
| 138|0x0000000088a00000, 0x0000000088a00000, 0x0000000088b00000|  0%| F|  |TAMS 0x0000000088a00000, 0x0000000088a00000| Untracked 
| 139|0x0000000088b00000, 0x0000000088b00000, 0x0000000088c00000|  0%| F|  |TAMS 0x0000000088b00000, 0x0000000088b00000| Untracked 
| 140|0x0000000088c00000, 0x0000000088c00000, 0x0000000088d00000|  0%| F|  |TAMS 0x0000000088c00000, 0x0000000088c00000| Untracked 
| 141|0x0000000088d00000, 0x0000000088d00000, 0x0000000088e00000|  0%| F|  |TAMS 0x0000000088d00000, 0x0000000088d00000| Untracked 
| 142|0x0000000088e00000, 0x0000000088e00000, 0x0000000088f00000|  0%| F|  |TAMS 0x0000000088e00000, 0x0000000088e00000| Untracked 
| 143|0x0000000088f00000, 0x0000000088f00000, 0x0000000089000000|  0%| F|  |TAMS 0x0000000088f00000, 0x0000000088f00000| Untracked 
| 144|0x0000000089000000, 0x0000000089000000, 0x0000000089100000|  0%| F|  |TAMS 0x0000000089000000, 0x0000000089000000| Untracked 
| 145|0x0000000089100000, 0x0000000089100000, 0x0000000089200000|  0%| F|  |TAMS 0x0000000089100000, 0x0000000089100000| Untracked 
| 146|0x0000000089200000, 0x0000000089200000, 0x0000000089300000|  0%| F|  |TAMS 0x0000000089200000, 0x0000000089200000| Untracked 
| 147|0x0000000089300000, 0x0000000089300000, 0x0000000089400000|  0%| F|  |TAMS 0x0000000089300000, 0x0000000089300000| Untracked 
| 148|0x0000000089400000, 0x0000000089400000, 0x0000000089500000|  0%| F|  |TAMS 0x0000000089400000, 0x0000000089400000| Untracked 
| 149|0x0000000089500000, 0x0000000089500000, 0x0000000089600000|  0%| F|  |TAMS 0x0000000089500000, 0x0000000089500000| Untracked 
| 150|0x0000000089600000, 0x0000000089600000, 0x0000000089700000|  0%| F|  |TAMS 0x0000000089600000, 0x0000000089600000| Untracked 
| 151|0x0000000089700000, 0x0000000089700000, 0x0000000089800000|  0%| F|  |TAMS 0x0000000089700000, 0x0000000089700000| Untracked 
| 152|0x0000000089800000, 0x0000000089800000, 0x0000000089900000|  0%| F|  |TAMS 0x0000000089800000, 0x0000000089800000| Untracked 
| 153|0x0000000089900000, 0x0000000089900000, 0x0000000089a00000|  0%| F|  |TAMS 0x0000000089900000, 0x0000000089900000| Untracked 
| 154|0x0000000089a00000, 0x0000000089a00000, 0x0000000089b00000|  0%| F|  |TAMS 0x0000000089a00000, 0x0000000089a00000| Untracked 
| 155|0x0000000089b00000, 0x0000000089b00000, 0x0000000089c00000|  0%| F|  |TAMS 0x0000000089b00000, 0x0000000089b00000| Untracked 
| 156|0x0000000089c00000, 0x0000000089c00000, 0x0000000089d00000|  0%| F|  |TAMS 0x0000000089c00000, 0x0000000089c00000| Untracked 
| 157|0x0000000089d00000, 0x0000000089d00000, 0x0000000089e00000|  0%| F|  |TAMS 0x0000000089d00000, 0x0000000089d00000| Untracked 
| 158|0x0000000089e00000, 0x0000000089e00000, 0x0000000089f00000|  0%| F|  |TAMS 0x0000000089e00000, 0x0000000089e00000| Untracked 
| 159|0x0000000089f00000, 0x0000000089f00000, 0x000000008a000000|  0%| F|  |TAMS 0x0000000089f00000, 0x0000000089f00000| Untracked 
| 160|0x000000008a000000, 0x000000008a000000, 0x000000008a100000|  0%| F|  |TAMS 0x000000008a000000, 0x000000008a000000| Untracked 
| 161|0x000000008a100000, 0x000000008a100000, 0x000000008a200000|  0%| F|  |TAMS 0x000000008a100000, 0x000000008a100000| Untracked 
| 162|0x000000008a200000, 0x000000008a200000, 0x000000008a300000|  0%| F|  |TAMS 0x000000008a200000, 0x000000008a200000| Untracked 
| 163|0x000000008a300000, 0x000000008a300000, 0x000000008a400000|  0%| F|  |TAMS 0x000000008a300000, 0x000000008a300000| Untracked 
| 164|0x000000008a400000, 0x000000008a400000, 0x000000008a500000|  0%| F|  |TAMS 0x000000008a400000, 0x000000008a400000| Untracked 
| 165|0x000000008a500000, 0x000000008a500000, 0x000000008a600000|  0%| F|  |TAMS 0x000000008a500000, 0x000000008a500000| Untracked 
| 166|0x000000008a600000, 0x000000008a600000, 0x000000008a700000|  0%| F|  |TAMS 0x000000008a600000, 0x000000008a600000| Untracked 
| 167|0x000000008a700000, 0x000000008a700000, 0x000000008a800000|  0%| F|  |TAMS 0x000000008a700000, 0x000000008a700000| Untracked 
| 168|0x000000008a800000, 0x000000008a800000, 0x000000008a900000|  0%| F|  |TAMS 0x000000008a800000, 0x000000008a800000| Untracked 
| 169|0x000000008a900000, 0x000000008a900000, 0x000000008aa00000|  0%| F|  |TAMS 0x000000008a900000, 0x000000008a900000| Untracked 
| 170|0x000000008aa00000, 0x000000008aa00000, 0x000000008ab00000|  0%| F|  |TAMS 0x000000008aa00000, 0x000000008aa00000| Untracked 
| 171|0x000000008ab00000, 0x000000008ab00000, 0x000000008ac00000|  0%| F|  |TAMS 0x000000008ab00000, 0x000000008ab00000| Untracked 
| 172|0x000000008ac00000, 0x000000008ac00000, 0x000000008ad00000|  0%| F|  |TAMS 0x000000008ac00000, 0x000000008ac00000| Untracked 
| 173|0x000000008ad00000, 0x000000008ad00000, 0x000000008ae00000|  0%| F|  |TAMS 0x000000008ad00000, 0x000000008ad00000| Untracked 
| 174|0x000000008ae00000, 0x000000008ae00000, 0x000000008af00000|  0%| F|  |TAMS 0x000000008ae00000, 0x000000008ae00000| Untracked 
| 175|0x000000008af00000, 0x000000008af00000, 0x000000008b000000|  0%| F|  |TAMS 0x000000008af00000, 0x000000008af00000| Untracked 
| 176|0x000000008b000000, 0x000000008b000000, 0x000000008b100000|  0%| F|  |TAMS 0x000000008b000000, 0x000000008b000000| Untracked 
| 177|0x000000008b100000, 0x000000008b100000, 0x000000008b200000|  0%| F|  |TAMS 0x000000008b100000, 0x000000008b100000| Untracked 
| 178|0x000000008b200000, 0x000000008b200000, 0x000000008b300000|  0%| F|  |TAMS 0x000000008b200000, 0x000000008b200000| Untracked 
| 179|0x000000008b300000, 0x000000008b300000, 0x000000008b400000|  0%| F|  |TAMS 0x000000008b300000, 0x000000008b300000| Untracked 
| 180|0x000000008b400000, 0x000000008b400000, 0x000000008b500000|  0%| F|  |TAMS 0x000000008b400000, 0x000000008b400000| Untracked 
| 181|0x000000008b500000, 0x000000008b500000, 0x000000008b600000|  0%| F|  |TAMS 0x000000008b500000, 0x000000008b500000| Untracked 
| 182|0x000000008b600000, 0x000000008b600000, 0x000000008b700000|  0%| F|  |TAMS 0x000000008b600000, 0x000000008b600000| Untracked 
| 183|0x000000008b700000, 0x000000008b700000, 0x000000008b800000|  0%| F|  |TAMS 0x000000008b700000, 0x000000008b700000| Untracked 
| 184|0x000000008b800000, 0x000000008b800000, 0x000000008b900000|  0%| F|  |TAMS 0x000000008b800000, 0x000000008b800000| Untracked 
| 185|0x000000008b900000, 0x000000008b900000, 0x000000008ba00000|  0%| F|  |TAMS 0x000000008b900000, 0x000000008b900000| Untracked 
| 186|0x000000008ba00000, 0x000000008ba00000, 0x000000008bb00000|  0%| F|  |TAMS 0x000000008ba00000, 0x000000008ba00000| Untracked 
| 187|0x000000008bb00000, 0x000000008bb00000, 0x000000008bc00000|  0%| F|  |TAMS 0x000000008bb00000, 0x000000008bb00000| Untracked 
| 188|0x000000008bc00000, 0x000000008bc00000, 0x000000008bd00000|  0%| F|  |TAMS 0x000000008bc00000, 0x000000008bc00000| Untracked 
| 189|0x000000008bd00000, 0x000000008bd00000, 0x000000008be00000|  0%| F|  |TAMS 0x000000008bd00000, 0x000000008bd00000| Untracked 
| 190|0x000000008be00000, 0x000000008be00000, 0x000000008bf00000|  0%| F|  |TAMS 0x000000008be00000, 0x000000008be00000| Untracked 
| 191|0x000000008bf00000, 0x000000008bf00000, 0x000000008c000000|  0%| F|  |TAMS 0x000000008bf00000, 0x000000008bf00000| Untracked 
| 192|0x000000008c000000, 0x000000008c000000, 0x000000008c100000|  0%| F|  |TAMS 0x000000008c000000, 0x000000008c000000| Untracked 
| 193|0x000000008c100000, 0x000000008c100000, 0x000000008c200000|  0%| F|  |TAMS 0x000000008c100000, 0x000000008c100000| Untracked 
| 194|0x000000008c200000, 0x000000008c200000, 0x000000008c300000|  0%| F|  |TAMS 0x000000008c200000, 0x000000008c200000| Untracked 
| 195|0x000000008c300000, 0x000000008c300000, 0x000000008c400000|  0%| F|  |TAMS 0x000000008c300000, 0x000000008c300000| Untracked 
| 196|0x000000008c400000, 0x000000008c400000, 0x000000008c500000|  0%| F|  |TAMS 0x000000008c400000, 0x000000008c400000| Untracked 
| 197|0x000000008c500000, 0x000000008c500000, 0x000000008c600000|  0%| F|  |TAMS 0x000000008c500000, 0x000000008c500000| Untracked 
| 198|0x000000008c600000, 0x000000008c600000, 0x000000008c700000|  0%| F|  |TAMS 0x000000008c600000, 0x000000008c600000| Untracked 
| 199|0x000000008c700000, 0x000000008c700000, 0x000000008c800000|  0%| F|  |TAMS 0x000000008c700000, 0x000000008c700000| Untracked 
| 200|0x000000008c800000, 0x000000008c800000, 0x000000008c900000|  0%| F|  |TAMS 0x000000008c800000, 0x000000008c800000| Untracked 
| 201|0x000000008c900000, 0x000000008c900000, 0x000000008ca00000|  0%| F|  |TAMS 0x000000008c900000, 0x000000008c900000| Untracked 
| 202|0x000000008ca00000, 0x000000008ca00000, 0x000000008cb00000|  0%| F|  |TAMS 0x000000008ca00000, 0x000000008ca00000| Untracked 
| 203|0x000000008cb00000, 0x000000008cb00000, 0x000000008cc00000|  0%| F|  |TAMS 0x000000008cb00000, 0x000000008cb00000| Untracked 
| 204|0x000000008cc00000, 0x000000008cc00000, 0x000000008cd00000|  0%| F|  |TAMS 0x000000008cc00000, 0x000000008cc00000| Untracked 
| 205|0x000000008cd00000, 0x000000008cd00000, 0x000000008ce00000|  0%| F|  |TAMS 0x000000008cd00000, 0x000000008cd00000| Untracked 
| 206|0x000000008ce00000, 0x000000008ce00000, 0x000000008cf00000|  0%| F|  |TAMS 0x000000008ce00000, 0x000000008ce00000| Untracked 
| 207|0x000000008cf00000, 0x000000008cf00000, 0x000000008d000000|  0%| F|  |TAMS 0x000000008cf00000, 0x000000008cf00000| Untracked 
| 208|0x000000008d000000, 0x000000008d000000, 0x000000008d100000|  0%| F|  |TAMS 0x000000008d000000, 0x000000008d000000| Untracked 
| 209|0x000000008d100000, 0x000000008d100000, 0x000000008d200000|  0%| F|  |TAMS 0x000000008d100000, 0x000000008d100000| Untracked 
| 210|0x000000008d200000, 0x000000008d200000, 0x000000008d300000|  0%| F|  |TAMS 0x000000008d200000, 0x000000008d200000| Untracked 
| 211|0x000000008d300000, 0x000000008d300000, 0x000000008d400000|  0%| F|  |TAMS 0x000000008d300000, 0x000000008d300000| Untracked 
| 212|0x000000008d400000, 0x000000008d400000, 0x000000008d500000|  0%| F|  |TAMS 0x000000008d400000, 0x000000008d400000| Untracked 
| 213|0x000000008d500000, 0x000000008d500000, 0x000000008d600000|  0%| F|  |TAMS 0x000000008d500000, 0x000000008d500000| Untracked 
| 214|0x000000008d600000, 0x000000008d600000, 0x000000008d700000|  0%| F|  |TAMS 0x000000008d600000, 0x000000008d600000| Untracked 
| 215|0x000000008d700000, 0x000000008d700000, 0x000000008d800000|  0%| F|  |TAMS 0x000000008d700000, 0x000000008d700000| Untracked 
| 216|0x000000008d800000, 0x000000008d800000, 0x000000008d900000|  0%| F|  |TAMS 0x000000008d800000, 0x000000008d800000| Untracked 
| 217|0x000000008d900000, 0x000000008d900000, 0x000000008da00000|  0%| F|  |TAMS 0x000000008d900000, 0x000000008d900000| Untracked 
| 218|0x000000008da00000, 0x000000008da00000, 0x000000008db00000|  0%| F|  |TAMS 0x000000008da00000, 0x000000008da00000| Untracked 
| 219|0x000000008db00000, 0x000000008db00000, 0x000000008dc00000|  0%| F|  |TAMS 0x000000008db00000, 0x000000008db00000| Untracked 
| 220|0x000000008dc00000, 0x000000008dc00000, 0x000000008dd00000|  0%| F|  |TAMS 0x000000008dc00000, 0x000000008dc00000| Untracked 
| 221|0x000000008dd00000, 0x000000008dd00000, 0x000000008de00000|  0%| F|  |TAMS 0x000000008dd00000, 0x000000008dd00000| Untracked 
| 222|0x000000008de00000, 0x000000008de00000, 0x000000008df00000|  0%| F|  |TAMS 0x000000008de00000, 0x000000008de00000| Untracked 
| 223|0x000000008df00000, 0x000000008df00000, 0x000000008e000000|  0%| F|  |TAMS 0x000000008df00000, 0x000000008df00000| Untracked 
| 224|0x000000008e000000, 0x000000008e000000, 0x000000008e100000|  0%| F|  |TAMS 0x000000008e000000, 0x000000008e000000| Untracked 
| 225|0x000000008e100000, 0x000000008e100000, 0x000000008e200000|  0%| F|  |TAMS 0x000000008e100000, 0x000000008e100000| Untracked 
| 226|0x000000008e200000, 0x000000008e200000, 0x000000008e300000|  0%| F|  |TAMS 0x000000008e200000, 0x000000008e200000| Untracked 
| 227|0x000000008e300000, 0x000000008e300000, 0x000000008e400000|  0%| F|  |TAMS 0x000000008e300000, 0x000000008e300000| Untracked 
| 228|0x000000008e400000, 0x000000008e400000, 0x000000008e500000|  0%| F|  |TAMS 0x000000008e400000, 0x000000008e400000| Untracked 
| 229|0x000000008e500000, 0x000000008e500000, 0x000000008e600000|  0%| F|  |TAMS 0x000000008e500000, 0x000000008e500000| Untracked 
| 230|0x000000008e600000, 0x000000008e600000, 0x000000008e700000|  0%| F|  |TAMS 0x000000008e600000, 0x000000008e600000| Untracked 
| 231|0x000000008e700000, 0x000000008e700000, 0x000000008e800000|  0%| F|  |TAMS 0x000000008e700000, 0x000000008e700000| Untracked 
| 232|0x000000008e800000, 0x000000008e800000, 0x000000008e900000|  0%| F|  |TAMS 0x000000008e800000, 0x000000008e800000| Untracked 
| 233|0x000000008e900000, 0x000000008e900000, 0x000000008ea00000|  0%| F|  |TAMS 0x000000008e900000, 0x000000008e900000| Untracked 

Card table byte_map: [0x000001d196ac0000,0x000001d196ec0000] _byte_map_base: 0x000001d1966c0000

Marking Bits (Prev, Next): (CMBitMap*) 0x000001d1ff35e300, (CMBitMap*) 0x000001d1ff35e340
 Prev Bits: [0x000001d1972c0000, 0x000001d1992c0000)
 Next Bits: [0x000001d1992c0000, 0x000001d19b2c0000)

Polling page: 0x000001d1fd4c0000

Metaspace:

Usage:
  Non-class:     35.44 MB used.
      Class:      5.40 MB used.
       Both:     40.84 MB used.

Virtual space:
  Non-class space:       64.00 MB reserved,      35.69 MB ( 56%) committed,  1 nodes.
      Class space:      416.00 MB reserved,       5.62 MB (  1%) committed,  1 nodes.
             Both:      480.00 MB reserved,      41.31 MB (  9%) committed. 

Chunk freelists:
   Non-Class:  11.78 MB
       Class:  10.20 MB
        Both:  21.98 MB

MaxMetaspaceSize: 512.00 MB
CompressedClassSpaceSize: 416.00 MB
Initial GC threshold: 21.00 MB
Current GC threshold: 59.06 MB
CDS: on
MetaspaceReclaimPolicy: balanced
 - commit_granule_bytes: 65536.
 - commit_granule_words: 8192.
 - virtual_space_node_default_size: 8388608.
 - enlarge_chunks_in_place: 1.
 - new_chunks_are_fully_committed: 0.
 - uncommit_free_chunks: 1.
 - use_allocation_guard: 0.
 - handle_deallocations: 1.


Internal statistics:

num_allocs_failed_limit: 6.
num_arena_births: 500.
num_arena_deaths: 0.
num_vsnodes_births: 2.
num_vsnodes_deaths: 0.
num_space_committed: 661.
num_space_uncommitted: 0.
num_chunks_returned_to_freelist: 6.
num_chunks_taken_from_freelist: 1998.
num_chunk_merges: 6.
num_chunk_splits: 1384.
num_chunks_enlarged: 1018.
num_inconsistent_stats: 0.

CodeHeap 'non-profiled nmethods': size=120000Kb used=5277Kb max_used=5300Kb free=114722Kb
 bounds [0x000001d18f590000, 0x000001d18fac0000, 0x000001d196ac0000]
CodeHeap 'profiled nmethods': size=120000Kb used=10658Kb max_used=12003Kb free=109341Kb
 bounds [0x000001d187ac0000, 0x000001d188680000, 0x000001d18eff0000]
CodeHeap 'non-nmethods': size=5760Kb used=2332Kb max_used=2376Kb free=3427Kb
 bounds [0x000001d18eff0000, 0x000001d18f260000, 0x000001d18f590000]
 total_blobs=6647 nmethods=5814 adapters=742
 compilation: enabled
              stopped_count=0, restarted_count=0
 full_count=0

Compilation events (20 events):
Event: 240.542 Thread 0x000001d19dd091c0 7434       3       org.gradle.kotlin.dsl.codegen.ApiTypeProviderKt::access$isPublic$p (5 bytes)
Event: 240.544 Thread 0x000001d19dd091c0 nmethod 7434 0x000001d1882e7110 code [0x000001d1882e72c0, 0x000001d1882e74b8]
Event: 240.544 Thread 0x000001d19dd091c0 7435       3       org.gradle.kotlin.dsl.codegen.ApiTypeProviderKt::isPublic (10 bytes)
Event: 240.545 Thread 0x000001d19dd091c0 nmethod 7435 0x000001d1880b0a10 code [0x000001d1880b0bc0, 0x000001d1880b0d58]
Event: 240.548 Thread 0x000001d19dd091c0 7436       3       kotlin.text.Regex::matches (18 bytes)
Event: 240.552 Thread 0x000001d19dd091c0 nmethod 7436 0x000001d187efaa90 code [0x000001d187efacc0, 0x000001d187efb358]
Event: 240.552 Thread 0x000001d19dd091c0 7438       3       org.gradle.kotlin.dsl.codegen.ApiType::getDelegate (19 bytes)
Event: 240.553 Thread 0x000001d19dd091c0 nmethod 7438 0x000001d1882e8e10 code [0x000001d1882e8fc0, 0x000001d1882e9288]
Event: 240.558 Thread 0x000001d19dd091c0 7439       3       kotlin.TuplesKt::to (10 bytes)
Event: 240.559 Thread 0x000001d19dd091c0 nmethod 7439 0x000001d1883f6590 code [0x000001d1883f6740, 0x000001d1883f69f8]
Event: 240.559 Thread 0x000001d19dd091c0 7440       3       kotlin.Pair::<init> (15 bytes)
Event: 240.560 Thread 0x000001d19dd091c0 nmethod 7440 0x000001d188591010 code [0x000001d1885911c0, 0x000001d1885913d8]
Event: 240.561 Thread 0x000001d19dd091c0 7441       3       org.gradle.kotlin.dsl.support.ClassBytesRepositoryKt::isClassFilePath (47 bytes)
Event: 240.566 Thread 0x000001d19dd091c0 nmethod 7441 0x000001d187f87710 code [0x000001d187f879a0, 0x000001d187f882b8]
Event: 240.566 Thread 0x000001d19dd091c0 7447       3       org.jetbrains.org.objectweb.asm.ClassReader::accept (1380 bytes)
Event: 240.581 Thread 0x000001d19dd01f60 nmethod 7416 0x000001d18f93ad10 code [0x000001d18f93aee0, 0x000001d18f93ba08]
Event: 240.582 Thread 0x000001d19dd01f60 7423       4       java.util.StringTokenizer::scanToken (179 bytes)
Event: 240.656 Thread 0x000001d19dd091c0 nmethod 7447 0x000001d18863fc90 code [0x000001d188640860, 0x000001d188647fb8]
Event: 240.656 Thread 0x000001d19dd091c0 7449       1       org.gradle.kotlin.dsl.codegen.ApiTypeProvider::access$getRepository$p (5 bytes)
Event: 240.657 Thread 0x000001d19dd091c0 nmethod 7449 0x000001d18f93aa10 code [0x000001d18f93aba0, 0x000001d18f93ac58]

GC Heap History (20 events):
Event: 186.533 GC heap after
{Heap after GC invocations=59 (full 0):
 garbage-first heap   total 199680K, used 60693K [0x0000000080000000, 0x0000000100000000)
  region size 1024K, 8 young (8192K), 8 survivors (8192K)
 Metaspace       used 39852K, committed 40320K, reserved 491520K
  class space    used 5409K, committed 5632K, reserved 425984K
}
Event: 187.514 GC heap before
{Heap before GC invocations=59 (full 0):
 garbage-first heap   total 199680K, used 170261K [0x0000000080000000, 0x0000000100000000)
  region size 1024K, 115 young (117760K), 8 survivors (8192K)
 Metaspace       used 39852K, committed 40320K, reserved 491520K
  class space    used 5409K, committed 5632K, reserved 425984K
}
Event: 187.534 GC heap after
{Heap after GC invocations=60 (full 0):
 garbage-first heap   total 199680K, used 60601K [0x0000000080000000, 0x0000000100000000)
  region size 1024K, 8 young (8192K), 8 survivors (8192K)
 Metaspace       used 39852K, committed 40320K, reserved 491520K
  class space    used 5409K, committed 5632K, reserved 425984K
}
Event: 188.389 GC heap before
{Heap before GC invocations=60 (full 0):
 garbage-first heap   total 199680K, used 169145K [0x0000000080000000, 0x0000000100000000)
  region size 1024K, 114 young (116736K), 8 survivors (8192K)
 Metaspace       used 39852K, committed 40320K, reserved 491520K
  class space    used 5409K, committed 5632K, reserved 425984K
}
Event: 188.402 GC heap after
{Heap after GC invocations=61 (full 0):
 garbage-first heap   total 199680K, used 60896K [0x0000000080000000, 0x0000000100000000)
  region size 1024K, 8 young (8192K), 8 survivors (8192K)
 Metaspace       used 39852K, committed 40320K, reserved 491520K
  class space    used 5409K, committed 5632K, reserved 425984K
}
Event: 189.943 GC heap before
{Heap before GC invocations=61 (full 0):
 garbage-first heap   total 199680K, used 169440K [0x0000000080000000, 0x0000000100000000)
  region size 1024K, 114 young (116736K), 8 survivors (8192K)
 Metaspace       used 39854K, committed 40320K, reserved 491520K
  class space    used 5409K, committed 5632K, reserved 425984K
}
Event: 190.013 GC heap after
{Heap after GC invocations=62 (full 0):
 garbage-first heap   total 239616K, used 61632K [0x0000000080000000, 0x0000000100000000)
  region size 1024K, 8 young (8192K), 8 survivors (8192K)
 Metaspace       used 39854K, committed 40320K, reserved 491520K
  class space    used 5409K, committed 5632K, reserved 425984K
}
Event: 195.686 GC heap before
{Heap before GC invocations=62 (full 0):
 garbage-first heap   total 239616K, used 196800K [0x0000000080000000, 0x0000000100000000)
  region size 1024K, 140 young (143360K), 8 survivors (8192K)
 Metaspace       used 39854K, committed 40320K, reserved 491520K
  class space    used 5409K, committed 5632K, reserved 425984K
}
Event: 195.712 GC heap after
{Heap after GC invocations=63 (full 0):
 garbage-first heap   total 239616K, used 62371K [0x0000000080000000, 0x0000000100000000)
  region size 1024K, 9 young (9216K), 9 survivors (9216K)
 Metaspace       used 39854K, committed 40320K, reserved 491520K
  class space    used 5409K, committed 5632K, reserved 425984K
}
Event: 198.925 GC heap before
{Heap before GC invocations=63 (full 0):
 garbage-first heap   total 239616K, used 196515K [0x0000000080000000, 0x0000000100000000)
  region size 1024K, 140 young (143360K), 9 survivors (9216K)
 Metaspace       used 39854K, committed 40320K, reserved 491520K
  class space    used 5409K, committed 5632K, reserved 425984K
}
Event: 198.977 GC heap after
{Heap after GC invocations=64 (full 0):
 garbage-first heap   total 239616K, used 62567K [0x0000000080000000, 0x0000000100000000)
  region size 1024K, 8 young (8192K), 8 survivors (8192K)
 Metaspace       used 39854K, committed 40320K, reserved 491520K
  class space    used 5409K, committed 5632K, reserved 425984K
}
Event: 203.718 GC heap before
{Heap before GC invocations=64 (full 0):
 garbage-first heap   total 239616K, used 197735K [0x0000000080000000, 0x0000000100000000)
  region size 1024K, 140 young (143360K), 8 survivors (8192K)
 Metaspace       used 39855K, committed 40320K, reserved 491520K
  class space    used 5409K, committed 5632K, reserved 425984K
}
Event: 203.754 GC heap after
{Heap after GC invocations=65 (full 0):
 garbage-first heap   total 239616K, used 63378K [0x0000000080000000, 0x0000000100000000)
  region size 1024K, 9 young (9216K), 9 survivors (9216K)
 Metaspace       used 39855K, committed 40320K, reserved 491520K
  class space    used 5409K, committed 5632K, reserved 425984K
}
Event: 207.681 GC heap before
{Heap before GC invocations=65 (full 0):
 garbage-first heap   total 239616K, used 197522K [0x0000000080000000, 0x0000000100000000)
  region size 1024K, 140 young (143360K), 9 survivors (9216K)
 Metaspace       used 39856K, committed 40320K, reserved 491520K
  class space    used 5409K, committed 5632K, reserved 425984K
}
Event: 207.763 GC heap after
{Heap after GC invocations=66 (full 0):
 garbage-first heap   total 239616K, used 64245K [0x0000000080000000, 0x0000000100000000)
  region size 1024K, 9 young (9216K), 9 survivors (9216K)
 Metaspace       used 39856K, committed 40320K, reserved 491520K
  class space    used 5409K, committed 5632K, reserved 425984K
}
Event: 211.237 GC heap before
{Heap before GC invocations=66 (full 0):
 garbage-first heap   total 239616K, used 198389K [0x0000000080000000, 0x0000000100000000)
  region size 1024K, 140 young (143360K), 9 survivors (9216K)
 Metaspace       used 39857K, committed 40320K, reserved 491520K
  class space    used 5409K, committed 5632K, reserved 425984K
}
Event: 211.309 GC heap after
{Heap after GC invocations=67 (full 0):
 garbage-first heap   total 239616K, used 64985K [0x0000000080000000, 0x0000000100000000)
  region size 1024K, 9 young (9216K), 9 survivors (9216K)
 Metaspace       used 39857K, committed 40320K, reserved 491520K
  class space    used 5409K, committed 5632K, reserved 425984K
}
Event: 214.757 GC heap before
{Heap before GC invocations=67 (full 0):
 garbage-first heap   total 239616K, used 199129K [0x0000000080000000, 0x0000000100000000)
  region size 1024K, 140 young (143360K), 9 survivors (9216K)
 Metaspace       used 39857K, committed 40320K, reserved 491520K
  class space    used 5409K, committed 5632K, reserved 425984K
}
Event: 214.827 GC heap after
{Heap after GC invocations=68 (full 0):
 garbage-first heap   total 239616K, used 65076K [0x0000000080000000, 0x0000000100000000)
  region size 1024K, 8 young (8192K), 8 survivors (8192K)
 Metaspace       used 39857K, committed 40320K, reserved 491520K
  class space    used 5409K, committed 5632K, reserved 425984K
}
Event: 240.658 GC heap before
{Heap before GC invocations=68 (full 0):
 garbage-first heap   total 239616K, used 201268K [0x0000000080000000, 0x0000000100000000)
  region size 1024K, 140 young (143360K), 8 survivors (8192K)
 Metaspace       used 41818K, committed 42304K, reserved 491520K
  class space    used 5525K, committed 5760K, reserved 425984K
}

Dll operation events (13 events):
Event: 0.095 Loaded shared library C:\Program Files\Microsoft\jdk-17.0.18.8-hotspot\bin\java.dll
Event: 0.232 Loaded shared library C:\Program Files\Microsoft\jdk-17.0.18.8-hotspot\bin\jsvml.dll
Event: 0.604 Loaded shared library C:\Program Files\Microsoft\jdk-17.0.18.8-hotspot\bin\net.dll
Event: 0.622 Loaded shared library C:\Program Files\Microsoft\jdk-17.0.18.8-hotspot\bin\nio.dll
Event: 0.638 Loaded shared library C:\Program Files\Microsoft\jdk-17.0.18.8-hotspot\bin\zip.dll
Event: 2.513 Loaded shared library C:\Program Files\Microsoft\jdk-17.0.18.8-hotspot\bin\jimage.dll
Event: 3.168 Loaded shared library C:\Program Files\Microsoft\jdk-17.0.18.8-hotspot\bin\verify.dll
Event: 6.173 Loaded shared library C:\Users\zBond\.gradle\native\e1d6ef7f7dcc3fd88c89a11ec53ec762bb8ba0a96d01ffa2cd45eb1d1d8dd5c5\windows-amd64\native-platform.dll
Event: 7.981 Loaded shared library C:\Users\zBond\.gradle\native\0d407fdbe67a94daf76414ababcb853783967236a71b16ec16e742cd7a986fd3\windows-amd64\native-platform-file-events.dll
Event: 20.176 Loaded shared library C:\Program Files\Microsoft\jdk-17.0.18.8-hotspot\bin\management.dll
Event: 20.253 Loaded shared library C:\Program Files\Microsoft\jdk-17.0.18.8-hotspot\bin\management_ext.dll
Event: 25.633 Loaded shared library C:\Program Files\Microsoft\jdk-17.0.18.8-hotspot\bin\extnet.dll
Event: 33.569 Loaded shared library C:\Program Files\Microsoft\jdk-17.0.18.8-hotspot\bin\sunmscapi.dll

Deoptimization events (20 events):
Event: 230.861 Thread 0x000001d1be3c8cc0 DEOPT PACKING pc=0x000001d18805ff91 sp=0x0000008eb8ff8060
Event: 230.861 Thread 0x000001d1be3c8cc0 DEOPT UNPACKING pc=0x000001d18f047143 sp=0x0000008eb8ff7550 mode 0
Event: 231.121 Thread 0x000001d1be3c8cc0 DEOPT PACKING pc=0x000001d1884991e1 sp=0x0000008eb8ff8150
Event: 231.122 Thread 0x000001d1be3c8cc0 DEOPT UNPACKING pc=0x000001d18f047143 sp=0x0000008eb8ff7608 mode 0
Event: 231.224 Thread 0x000001d1be3c8cc0 DEOPT PACKING pc=0x000001d1884991e1 sp=0x0000008eb8ff8150
Event: 231.224 Thread 0x000001d1be3c8cc0 DEOPT UNPACKING pc=0x000001d18f047143 sp=0x0000008eb8ff7608 mode 0
Event: 231.246 Thread 0x000001d1be3c8cc0 DEOPT PACKING pc=0x000001d1884991e1 sp=0x0000008eb8ff8150
Event: 231.246 Thread 0x000001d1be3c8cc0 DEOPT UNPACKING pc=0x000001d18f047143 sp=0x0000008eb8ff7608 mode 0
Event: 231.259 Thread 0x000001d1be3c8cc0 DEOPT PACKING pc=0x000001d1884991e1 sp=0x0000008eb8ff8150
Event: 231.259 Thread 0x000001d1be3c8cc0 DEOPT UNPACKING pc=0x000001d18f047143 sp=0x0000008eb8ff7608 mode 0
Event: 236.260 Thread 0x000001d1be3c8cc0 Uncommon trap: trap_request=0xffffff45 fr.pc=0x000001d18f6f318c relative=0x0000000000000aac
Event: 236.260 Thread 0x000001d1be3c8cc0 Uncommon trap: reason=unstable_if action=reinterpret pc=0x000001d18f6f318c method=java.util.jar.JarFile.getVersionedEntry(Ljava/lang/String;Ljava/util/jar/JarEntry;)Ljava/util/jar/JarEntry; @ 26 c2
Event: 236.261 Thread 0x000001d1be3c8cc0 DEOPT PACKING pc=0x000001d18f6f318c sp=0x0000008eb8ff7500
Event: 236.261 Thread 0x000001d1be3c8cc0 DEOPT UNPACKING pc=0x000001d18f0469a3 sp=0x0000008eb8ff74d0 mode 2
Event: 239.180 Thread 0x000001d1be3c8cc0 Uncommon trap: trap_request=0xffffff45 fr.pc=0x000001d18fab278c relative=0x0000000000000a8c
Event: 239.180 Thread 0x000001d1be3c8cc0 Uncommon trap: reason=unstable_if action=reinterpret pc=0x000001d18fab278c method=java.util.HashMap.computeIfAbsent(Ljava/lang/Object;Ljava/util/function/Function;)Ljava/lang/Object; @ 228 c2
Event: 239.180 Thread 0x000001d1be3c8cc0 DEOPT PACKING pc=0x000001d18fab278c sp=0x0000008eb8ff7880
Event: 239.180 Thread 0x000001d1be3c8cc0 DEOPT UNPACKING pc=0x000001d18f0469a3 sp=0x0000008eb8ff7850 mode 2
Event: 239.974 Thread 0x000001d1be3c8cc0 DEOPT PACKING pc=0x000001d188032e52 sp=0x0000008eb8ff72d0
Event: 239.974 Thread 0x000001d1be3c8cc0 DEOPT UNPACKING pc=0x000001d18f047143 sp=0x0000008eb8ff6768 mode 0

Classes loaded (20 events):
Event: 135.085 Loading class java/lang/invoke/BoundMethodHandle$Species_LLLLLLLLLLLLLLLL
Event: 135.086 Loading class java/lang/invoke/BoundMethodHandle$Species_LLLLLLLLLLLLLLLL done
Event: 135.123 Loading class java/lang/invoke/BoundMethodHandle$Species_LLLLLLLLLLLLLLLLL
Event: 135.134 Loading class java/lang/invoke/BoundMethodHandle$Species_LLLLLLLLLLLLLLLLL done
Event: 135.315 Loading class java/lang/invoke/BoundMethodHandle$Species_LLLLLLLLLLLLLLLLLL
Event: 135.315 Loading class java/lang/invoke/BoundMethodHandle$Species_LLLLLLLLLLLLLLLLLL done
Event: 135.368 Loading class java/lang/invoke/BoundMethodHandle$Species_LLLLLLLLLLLLLLLLLLL
Event: 135.369 Loading class java/lang/invoke/BoundMethodHandle$Species_LLLLLLLLLLLLLLLLLLL done
Event: 135.530 Loading class java/lang/invoke/BoundMethodHandle$Species_LLLLLLLLLLLLLLLLLLLL
Event: 135.530 Loading class java/lang/invoke/BoundMethodHandle$Species_LLLLLLLLLLLLLLLLLLLL done
Event: 135.691 Loading class java/lang/invoke/BoundMethodHandle$Species_LLLLLLLLLLLLLLLLLLLLL
Event: 135.691 Loading class java/lang/invoke/BoundMethodHandle$Species_LLLLLLLLLLLLLLLLLLLLL done
Event: 147.121 Loading class java/util/regex/Pattern$Caret
Event: 147.121 Loading class java/util/regex/Pattern$Caret done
Event: 153.113 Loading class jdk/internal/access/foreign/MemorySegmentProxy
Event: 153.122 Loading class jdk/internal/access/foreign/MemorySegmentProxy done
Event: 224.939 Loading class java/io/DeleteOnExitHook
Event: 225.128 Loading class java/io/DeleteOnExitHook done
Event: 225.139 Loading class java/io/DeleteOnExitHook$1
Event: 225.350 Loading class java/io/DeleteOnExitHook$1 done

Classes unloaded (0 events):
No events

Classes redefined (0 events):
No events

Internal exceptions (20 events):
Event: 130.519 Thread 0x000001d1be3c8cc0 Exception <a 'java/lang/ClassNotFoundException'{0x0000000084ffd538}: org/codehaus/groovy/runtime/NullObjectCustomizer> (0x0000000084ffd538) 
thrown [s\src\hotspot\share\classfile\systemDictionary.cpp, line 256]
Event: 131.118 Thread 0x000001d1be3c8cc0 Exception <a 'java/lang/ClassNotFoundException'{0x0000000084d76980}: java/io/FileBeanInfo> (0x0000000084d76980) 
thrown [s\src\hotspot\share\classfile\systemDictionary.cpp, line 256]
Event: 131.120 Thread 0x000001d1be3c8cc0 Exception <a 'java/lang/ClassNotFoundException'{0x0000000084d7bf80}: java/io/FileCustomizer> (0x0000000084d7bf80) 
thrown [s\src\hotspot\share\classfile\systemDictionary.cpp, line 256]
Event: 133.960 Thread 0x000001d1be3c8cc0 Exception <a 'java/lang/NoSuchMethodError'{0x0000000084ad78d0}: 'java.lang.Object java.lang.invoke.DirectMethodHandle$Holder.invokeSpecial(java.lang.Object, java.lang.Object, java.lang.Object, java.lang.Object, java.lang.Object, java.lang.Object, java.lang.Object, java.lang.Object, java.lang.Object, java.lang.Object)'> (0x0000000084ad78d0) 
thrown [s\src\hotspot\share\interpreter\linkResolver.cpp, line 759]
Event: 133.994 Thread 0x000001d1be3c8cc0 Exception <a 'java/lang/NoSuchMethodError'{0x0000000084ae0750}: 'java.lang.Object java.lang.invoke.Invokers$Holder.invoker(java.lang.Object, java.lang.Object, java.lang.Object, java.lang.Object, java.lang.Object, java.lang.Object, java.lang.Object, java.lang.Object, java.lang.Object)'> (0x0000000084ae0750) 
thrown [s\src\hotspot\share\interpreter\linkResolver.cpp, line 759]
Event: 134.221 Thread 0x000001d1be3c8cc0 Exception <a 'java/lang/NoSuchMethodError'{0x0000000084969050}: 'java.lang.Object java.lang.invoke.Invokers$Holder.invoker(java.lang.Object, java.lang.Object, java.lang.Object, java.lang.Object)'> (0x0000000084969050) 
thrown [s\src\hotspot\share\interpreter\linkResolver.cpp, line 759]
Event: 134.675 Thread 0x000001d1be3c8cc0 Exception <a 'java/lang/NoSuchMethodError'{0x0000000084819b70}: 'java.lang.Object java.lang.invoke.DelegatingMethodHandle$Holder.reinvoke_L(java.lang.Object, java.lang.Object, java.lang.Object, java.lang.Object, java.lang.Object, java.lang.Object, java.lang.Object, java.lang.Object, java.lang.Object, java.lang.Object, java.lang.Object, java.lang.Object, java.lang.Object, java.lang.Object, java.lang.Object, java.lang.Object, java.lang.Object, java.lang.Object, java.lang.Object, java.lang.Object, java.lang.O
Event: 134.679 Thread 0x000001d1be3c8cc0 Exception <a 'java/lang/NoSuchMethodError'{0x00000000848255e8}: 'java.lang.Object java.lang.invoke.Invokers$Holder.invoker(java.lang.Object, java.lang.Object, java.lang.Object, java.lang.Object, java.lang.Object, java.lang.Object, java.lang.Object, java.lang.Object, java.lang.Object, java.lang.Object, java.lang.Object, java.lang.Object, java.lang.Object, java.lang.Object, java.lang.Object, java.lang.Object, java.lang.Object, java.lang.Object, java.lang.Object, java.lang.Object, java.lang.Object)'> (0x00000
Event: 134.697 Thread 0x000001d1be3c8cc0 Exception <a 'java/lang/NoSuchMethodError'{0x000000008482c248}: 'java.lang.Object java.lang.invoke.DelegatingMethodHandle$Holder.delegate(java.lang.Object, java.lang.Object, java.lang.Object, java.lang.Object, java.lang.Object, java.lang.Object, java.lang.Object, java.lang.Object, java.lang.Object, java.lang.Object, java.lang.Object, java.lang.Object, java.lang.Object, java.lang.Object, java.lang.Object, java.lang.Object, java.lang.Object, java.lang.Object, java.lang.Object, java.lang.Object, java.lang.Obj
Event: 134.951 Thread 0x000001d1be3c8cc0 Exception <a 'java/lang/NoSuchMethodError'{0x00000000848a2990}: 'java.lang.Object java.lang.invoke.DirectMethodHandle$Holder.invokeStatic(java.lang.Object, java.lang.Object, java.lang.Object, java.lang.Object, java.lang.Object, java.lang.Object, java.lang.Object, java.lang.Object, java.lang.Object, java.lang.Object, java.lang.Object, java.lang.Object, java.lang.Object, java.lang.Object, java.lang.Object, java.lang.Object, java.lang.Object)'> (0x00000000848a2990) 
thrown [s\src\hotspot\share\interpreter\lin
Event: 134.991 Thread 0x000001d1be3c8cc0 Exception <a 'java/lang/NoSuchMethodError'{0x00000000848ca5b0}: 'java.lang.Object java.lang.invoke.DirectMethodHandle$Holder.invokeStatic(java.lang.Object, java.lang.Object, java.lang.Object, java.lang.Object, java.lang.Object, java.lang.Object, java.lang.Object, java.lang.Object, java.lang.Object, java.lang.Object, java.lang.Object, java.lang.Object, java.lang.Object, java.lang.Object, java.lang.Object, java.lang.Object, java.lang.Object, java.lang.Object)'> (0x00000000848ca5b0) 
thrown [s\src\hotspot\sha
Event: 135.110 Thread 0x000001d1be3c8cc0 Exception <a 'java/lang/NoSuchMethodError'{0x00000000848f2bf8}: 'java.lang.Object java.lang.invoke.DirectMethodHandle$Holder.invokeStatic(java.lang.Object, java.lang.Object, java.lang.Object, java.lang.Object, java.lang.Object, java.lang.Object, java.lang.Object, java.lang.Object, java.lang.Object, java.lang.Object, java.lang.Object, java.lang.Object, java.lang.Object, java.lang.Object, java.lang.Object, java.lang.Object, java.lang.Object, java.lang.Object, java.lang.Object)'> (0x00000000848f2bf8) 
thrown 
Event: 135.155 Thread 0x000001d1be3c8cc0 Exception <a 'java/lang/NoSuchMethodError'{0x000000008471d1b0}: 'java.lang.Object java.lang.invoke.DirectMethodHandle$Holder.invokeStatic(java.lang.Object, java.lang.Object, java.lang.Object, java.lang.Object, java.lang.Object, java.lang.Object, java.lang.Object, java.lang.Object, java.lang.Object, java.lang.Object, java.lang.Object, java.lang.Object, java.lang.Object, java.lang.Object, java.lang.Object, java.lang.Object, java.lang.Object, java.lang.Object, java.lang.Object, java.lang.Object)'> (0x00000000
Event: 135.358 Thread 0x000001d1be3c8cc0 Exception <a 'java/lang/NoSuchMethodError'{0x0000000084747b18}: 'java.lang.Object java.lang.invoke.DirectMethodHandle$Holder.invokeStatic(java.lang.Object, java.lang.Object, java.lang.Object, java.lang.Object, java.lang.Object, java.lang.Object, java.lang.Object, java.lang.Object, java.lang.Object, java.lang.Object, java.lang.Object, java.lang.Object, java.lang.Object, java.lang.Object, java.lang.Object, java.lang.Object, java.lang.Object, java.lang.Object, java.lang.Object, java.lang.Object, java.lang.Obj
Event: 135.387 Thread 0x000001d1be3c8cc0 Exception <a 'java/lang/NoSuchMethodError'{0x0000000084772e20}: 'java.lang.Object java.lang.invoke.DirectMethodHandle$Holder.invokeStatic(java.lang.Object, java.lang.Object, java.lang.Object, java.lang.Object, java.lang.Object, java.lang.Object, java.lang.Object, java.lang.Object, java.lang.Object, java.lang.Object, java.lang.Object, java.lang.Object, java.lang.Object, java.lang.Object, java.lang.Object, java.lang.Object, java.lang.Object, java.lang.Object, java.lang.Object, java.lang.Object, java.lang.Obj
Event: 135.679 Thread 0x000001d1be3c8cc0 Exception <a 'java/lang/NoSuchMethodError'{0x000000008479fe50}: 'java.lang.Object java.lang.invoke.DirectMethodHandle$Holder.invokeStatic(java.lang.Object, java.lang.Object, java.lang.Object, java.lang.Object, java.lang.Object, java.lang.Object, java.lang.Object, java.lang.Object, java.lang.Object, java.lang.Object, java.lang.Object, java.lang.Object, java.lang.Object, java.lang.Object, java.lang.Object, java.lang.Object, java.lang.Object, java.lang.Object, java.lang.Object, java.lang.Object, java.lang.Obj
Event: 135.705 Thread 0x000001d1be3c8cc0 Exception <a 'java/lang/NoSuchMethodError'{0x00000000847ce4e0}: 'java.lang.Object java.lang.invoke.DirectMethodHandle$Holder.invokeStatic(java.lang.Object, java.lang.Object, java.lang.Object, java.lang.Object, java.lang.Object, java.lang.Object, java.lang.Object, java.lang.Object, java.lang.Object, java.lang.Object, java.lang.Object, java.lang.Object, java.lang.Object, java.lang.Object, java.lang.Object, java.lang.Object, java.lang.Object, java.lang.Object, java.lang.Object, java.lang.Object, java.lang.Obj
Event: 137.505 Thread 0x000001d1be3c8cc0 Exception <a 'sun/nio/fs/WindowsException'{0x0000000083b502e0}> (0x0000000083b502e0) 
thrown [s\src\hotspot\share\prims\jni.cpp, line 516]
Event: 218.069 Thread 0x000001d1be3c8cc0 Exception <a 'sun/nio/fs/WindowsException'{0x0000000089ea6450}> (0x0000000089ea6450) 
thrown [s\src\hotspot\share\prims\jni.cpp, line 516]
Event: 218.095 Thread 0x000001d1be3c8cc0 Exception <a 'sun/nio/fs/WindowsException'{0x0000000089ea65d0}> (0x0000000089ea65d0) 
thrown [s\src\hotspot\share\prims\jni.cpp, line 516]

VM Operations (20 events):
Event: 218.844 Executing VM operation: Cleanup done
Event: 230.849 Executing VM operation: Cleanup
Event: 230.849 Executing VM operation: Cleanup done
Event: 233.851 Executing VM operation: Cleanup
Event: 233.880 Executing VM operation: Cleanup done
Event: 235.881 Executing VM operation: Cleanup
Event: 235.913 Executing VM operation: Cleanup done
Event: 237.914 Executing VM operation: Cleanup
Event: 238.859 Executing VM operation: Cleanup done
Event: 238.859 Executing VM operation: HandshakeAllThreads
Event: 238.868 Executing VM operation: HandshakeAllThreads done
Event: 238.868 Executing VM operation: HandshakeAllThreads
Event: 238.873 Executing VM operation: HandshakeAllThreads done
Event: 238.886 Executing VM operation: HandshakeAllThreads
Event: 238.890 Executing VM operation: HandshakeAllThreads done
Event: 239.891 Executing VM operation: Cleanup
Event: 239.907 Executing VM operation: Cleanup done
Event: 240.629 Executing VM operation: HandshakeAllThreads
Event: 240.634 Executing VM operation: HandshakeAllThreads done
Event: 240.657 Executing VM operation: G1CollectForAllocation

Memory protections (0 events):
No events

Nmethod flushes (20 events):
Event: 166.536 Thread 0x000001d1bd038410 flushing  nmethod 0x000001d1885f0d10
Event: 166.536 Thread 0x000001d1bd038410 flushing  nmethod 0x000001d1885f4410
Event: 166.536 Thread 0x000001d1bd038410 flushing  nmethod 0x000001d1885f9d90
Event: 166.536 Thread 0x000001d1bd038410 flushing  nmethod 0x000001d1885fa310
Event: 166.536 Thread 0x000001d1bd038410 flushing  nmethod 0x000001d1885fab90
Event: 166.536 Thread 0x000001d1bd038410 flushing  nmethod 0x000001d1885fb790
Event: 166.536 Thread 0x000001d1bd038410 flushing  nmethod 0x000001d1885fc190
Event: 166.536 Thread 0x000001d1bd038410 flushing  nmethod 0x000001d1885fc890
Event: 166.536 Thread 0x000001d1bd038410 flushing  nmethod 0x000001d1885fcd10
Event: 166.536 Thread 0x000001d1bd038410 flushing  nmethod 0x000001d1885fe010
Event: 166.536 Thread 0x000001d1bd038410 flushing  nmethod 0x000001d188600f90
Event: 166.536 Thread 0x000001d1bd038410 flushing  nmethod 0x000001d188601a90
Event: 166.537 Thread 0x000001d1bd038410 flushing  nmethod 0x000001d18861dd90
Event: 166.538 Thread 0x000001d1bd038410 flushing  nmethod 0x000001d18862c510
Event: 166.538 Thread 0x000001d1bd038410 flushing  nmethod 0x000001d18863c690
Event: 166.539 Thread 0x000001d1bd038410 flushing  nmethod 0x000001d18865cd90
Event: 239.877 Thread 0x000001d1bd038410 flushing  nmethod 0x000001d18f913890
Event: 239.884 Thread 0x000001d1bd038410 flushing  nmethod 0x000001d18f917490
Event: 239.890 Thread 0x000001d1bd038410 flushing  nmethod 0x000001d18f935090
Event: 239.929 Thread 0x000001d1bd038410 flushing  nmethod 0x000001d18f964390

Events (20 events):
Event: 35.186 Thread 0x000001d1beaaafc0 Thread added: 0x000001d1be3c8cc0
Event: 35.281 Thread 0x000001d1be3c8cc0 Thread added: 0x000001d1be3c9bf0
Event: 35.339 Thread 0x000001d1be3c8cc0 Thread added: 0x000001d1be3c91d0
Event: 35.372 Thread 0x000001d1be3c8cc0 Thread added: 0x000001d1be3ca100
Event: 36.156 Thread 0x000001d1be3c8cc0 Thread added: 0x000001d1be3cab20
Event: 36.307 Thread 0x000001d1be3c8cc0 Thread added: 0x000001d1be3ca610
Event: 37.211 Thread 0x000001d1be3c8cc0 Thread added: 0x000001d1be3cb030
Event: 40.301 Thread 0x000001d1be3c8cc0 Thread added: 0x000001d1be3c7880
Event: 40.393 Thread 0x000001d1be3c8cc0 Thread added: 0x000001d1be3c7d90
Event: 41.370 Thread 0x000001d1be3c8cc0 Thread added: 0x000001d1be3c82a0
Event: 41.569 Thread 0x000001d1be3c8cc0 Thread added: 0x000001d1be3c87b0
Event: 41.792 Thread 0x000001d1be3c8cc0 Thread added: 0x000001d1bf429aa0
Event: 42.429 Thread 0x000001d1be3c8cc0 Thread added: 0x000001d1bf42c320
Event: 42.594 Thread 0x000001d1be3c8cc0 Thread added: 0x000001d1bf429080
Event: 43.220 Thread 0x000001d1be3c8cc0 Thread added: 0x000001d1bf428b70
Event: 51.528 Thread 0x000001d1be3c8cc0 Thread added: 0x000001d1bf42b3f0
Event: 54.055 Thread 0x000001d1be3c8cc0 Thread added: 0x000001d1bf42cd40
Event: 57.042 Thread 0x000001d1be3c8cc0 Thread added: 0x000001d1bf42be10
Event: 59.157 Thread 0x000001d1be3c8cc0 Thread added: 0x000001d1bf429590
Event: 134.528 Thread 0x000001d1be3c8cc0 Thread added: 0x000001d1bf42d250


Dynamic libraries:
0x00007ff7e5f50000 - 0x00007ff7e5f5e000 	C:\Program Files\Microsoft\jdk-17.0.18.8-hotspot\bin\java.exe
0x00007ffd01ac0000 - 0x00007ffd01d27000 	C:\WINDOWS\SYSTEM32\ntdll.dll
0x00007ffcffef0000 - 0x00007ffcfffb9000 	C:\WINDOWS\System32\KERNEL32.DLL
0x00007ffcfe3a0000 - 0x00007ffcfe791000 	C:\WINDOWS\System32\KERNELBASE.dll
0x00007ffcff650000 - 0x00007ffcff79b000 	C:\WINDOWS\System32\ucrtbase.dll
0x00007ffce7020000 - 0x00007ffce7038000 	C:\Program Files\Microsoft\jdk-17.0.18.8-hotspot\bin\jli.dll
0x00007ffce6180000 - 0x00007ffce619e000 	C:\Program Files\Microsoft\jdk-17.0.18.8-hotspot\bin\VCRUNTIME140.dll
0x00007ffcff8c0000 - 0x00007ffcffa85000 	C:\WINDOWS\System32\USER32.dll
0x00007ffcff7a0000 - 0x00007ffcff7c7000 	C:\WINDOWS\System32\win32u.dll
0x00007ffd005c0000 - 0x00007ffd005eb000 	C:\WINDOWS\System32\GDI32.dll
0x00007ffcff230000 - 0x00007ffcff35b000 	C:\WINDOWS\System32\gdi32full.dll
0x00007ffcff180000 - 0x00007ffcff223000 	C:\WINDOWS\System32\msvcp_win.dll
0x00007ffce5140000 - 0x00007ffce53d3000 	C:\WINDOWS\WinSxS\amd64_microsoft.windows.common-controls_6595b64144ccf1df_6.0.26100.8037_none_3e092faae333b53b\COMCTL32.dll
0x00007ffd00a80000 - 0x00007ffd00b29000 	C:\WINDOWS\System32\msvcrt.dll
0x00007ffcffe40000 - 0x00007ffcffe71000 	C:\WINDOWS\System32\IMM32.DLL
0x00007ffcfafb0000 - 0x00007ffcfafbc000 	C:\Program Files\Microsoft\jdk-17.0.18.8-hotspot\bin\vcruntime140_1.dll
0x00007ffcd0d50000 - 0x00007ffcd0dd9000 	C:\Program Files\Microsoft\jdk-17.0.18.8-hotspot\bin\msvcp140.dll
0x00007ffc263a0000 - 0x00007ffc2701a000 	C:\Program Files\Microsoft\jdk-17.0.18.8-hotspot\bin\server\jvm.dll
0x00007ffd006f0000 - 0x00007ffd007ab000 	C:\WINDOWS\System32\ADVAPI32.dll
0x00007ffcffa90000 - 0x00007ffcffb37000 	C:\WINDOWS\System32\sechost.dll
0x00007ffcffd20000 - 0x00007ffcffe38000 	C:\WINDOWS\System32\RPCRT4.dll
0x00007ffd00c10000 - 0x00007ffd00c84000 	C:\WINDOWS\System32\WS2_32.dll
0x00007ffcfe200000 - 0x00007ffcfe25e000 	C:\WINDOWS\SYSTEM32\POWRPROF.dll
0x00007ffcf5810000 - 0x00007ffcf5845000 	C:\WINDOWS\SYSTEM32\WINMM.dll
0x00007ffcdfb30000 - 0x00007ffcdfb3b000 	C:\WINDOWS\SYSTEM32\VERSION.dll
0x00007ffcfe1e0000 - 0x00007ffcfe1f4000 	C:\WINDOWS\SYSTEM32\UMPDC.dll
0x00007ffcfd110000 - 0x00007ffcfd12b000 	C:\WINDOWS\SYSTEM32\kernel.appcore.dll
0x00007ffce6db0000 - 0x00007ffce6dba000 	C:\Program Files\Microsoft\jdk-17.0.18.8-hotspot\bin\jimage.dll
0x00007ffcfbf90000 - 0x00007ffcfc1d2000 	C:\WINDOWS\SYSTEM32\DBGHELP.DLL
0x00007ffd00e30000 - 0x00007ffd011b2000 	C:\WINDOWS\System32\combase.dll
0x00007ffd00b30000 - 0x00007ffd00c07000 	C:\WINDOWS\System32\OLEAUT32.dll
0x00007ffcd6350000 - 0x00007ffcd638b000 	C:\WINDOWS\SYSTEM32\dbgcore.DLL
0x00007ffcff010000 - 0x00007ffcff0b5000 	C:\WINDOWS\System32\bcryptPrimitives.dll
0x00007ffce6150000 - 0x00007ffce6176000 	C:\Program Files\Microsoft\jdk-17.0.18.8-hotspot\bin\java.dll
0x00007ffcac140000 - 0x00007ffcac216000 	C:\Program Files\Microsoft\jdk-17.0.18.8-hotspot\bin\jsvml.dll
0x00007ffd011c0000 - 0x00007ffd0191f000 	C:\WINDOWS\System32\SHELL32.dll
0x00007ffcff4e0000 - 0x00007ffcff64a000 	C:\WINDOWS\System32\wintypes.dll
0x00007ffcfe7a0000 - 0x00007ffcff004000 	C:\WINDOWS\System32\windows.storage.dll
0x00007ffd01980000 - 0x00007ffd01a77000 	C:\WINDOWS\System32\SHCORE.dll
0x00007ffcffe80000 - 0x00007ffcffee7000 	C:\WINDOWS\System32\shlwapi.dll
0x00007ffcfe2c0000 - 0x00007ffcfe2e9000 	C:\WINDOWS\SYSTEM32\profapi.dll
0x00007ffce6130000 - 0x00007ffce614b000 	C:\Program Files\Microsoft\jdk-17.0.18.8-hotspot\bin\net.dll
0x00007ffcf8270000 - 0x00007ffcf8397000 	C:\WINDOWS\SYSTEM32\WINHTTP.dll
0x00007ffcfd6a0000 - 0x00007ffcfd70b000 	C:\WINDOWS\system32\mswsock.dll
0x00007ffce6110000 - 0x00007ffce6126000 	C:\Program Files\Microsoft\jdk-17.0.18.8-hotspot\bin\nio.dll
0x00007ffce2290000 - 0x00007ffce22a8000 	C:\Program Files\Microsoft\jdk-17.0.18.8-hotspot\bin\zip.dll
0x00007ffcfbe70000 - 0x00007ffcfbe80000 	C:\Program Files\Microsoft\jdk-17.0.18.8-hotspot\bin\verify.dll
0x00007ffce7530000 - 0x00007ffce7557000 	C:\Users\zBond\.gradle\native\e1d6ef7f7dcc3fd88c89a11ec53ec762bb8ba0a96d01ffa2cd45eb1d1d8dd5c5\windows-amd64\native-platform.dll
0x00007ffc90850000 - 0x00007ffc90994000 	C:\Users\zBond\.gradle\native\0d407fdbe67a94daf76414ababcb853783967236a71b16ec16e742cd7a986fd3\windows-amd64\native-platform-file-events.dll
0x00007ffce6100000 - 0x00007ffce610a000 	C:\Program Files\Microsoft\jdk-17.0.18.8-hotspot\bin\management.dll
0x00007ffcdb980000 - 0x00007ffcdb98c000 	C:\Program Files\Microsoft\jdk-17.0.18.8-hotspot\bin\management_ext.dll
0x00007ffd00110000 - 0x00007ffd00118000 	C:\WINDOWS\System32\PSAPI.DLL
0x00007ffcfd980000 - 0x00007ffcfd99b000 	C:\WINDOWS\SYSTEM32\CRYPTSP.dll
0x00007ffcfd070000 - 0x00007ffcfd0a9000 	C:\WINDOWS\system32\rsaenh.dll
0x00007ffcfd750000 - 0x00007ffcfd782000 	C:\WINDOWS\SYSTEM32\USERENV.dll
0x00007ffcfe290000 - 0x00007ffcfe2ba000 	C:\WINDOWS\SYSTEM32\bcrypt.dll
0x00007ffcfd9a0000 - 0x00007ffcfd9ac000 	C:\WINDOWS\SYSTEM32\CRYPTBASE.dll
0x00007ffcfcb30000 - 0x00007ffcfcb63000 	C:\WINDOWS\SYSTEM32\IPHLPAPI.DLL
0x00007ffd00a20000 - 0x00007ffd00a2a000 	C:\WINDOWS\System32\NSI.dll
0x00007ffcf84c0000 - 0x00007ffcf84dd000 	C:\WINDOWS\SYSTEM32\dhcpcsvc6.DLL
0x00007ffcf8490000 - 0x00007ffcf84b3000 	C:\WINDOWS\SYSTEM32\dhcpcsvc.DLL
0x00007ffcfcbd0000 - 0x00007ffcfccfa000 	C:\WINDOWS\SYSTEM32\DNSAPI.dll
0x00007ffcd8ed0000 - 0x00007ffcd8ed9000 	C:\Program Files\Microsoft\jdk-17.0.18.8-hotspot\bin\extnet.dll
0x00007ffcd8ab0000 - 0x00007ffcd8abe000 	C:\Program Files\Microsoft\jdk-17.0.18.8-hotspot\bin\sunmscapi.dll
0x00007ffcff360000 - 0x00007ffcff4d7000 	C:\WINDOWS\System32\CRYPT32.dll
0x00007ffcfdba0000 - 0x00007ffcfdbd0000 	C:\WINDOWS\SYSTEM32\ncrypt.dll
0x00007ffcfdb50000 - 0x00007ffcfdb8f000 	C:\WINDOWS\SYSTEM32\NTASN1.dll
0x00007ffcd1b50000 - 0x00007ffcd1b58000 	C:\WINDOWS\system32\wshunix.dll

dbghelp: loaded successfully - version: 4.0.5 - missing functions: none
symbol engine: initialized successfully - sym options: 0x614 - pdb path: .;C:\Program Files\Microsoft\jdk-17.0.18.8-hotspot\bin;C:\WINDOWS\SYSTEM32;C:\WINDOWS\WinSxS\amd64_microsoft.windows.common-controls_6595b64144ccf1df_6.0.26100.8037_none_3e092faae333b53b;C:\Program Files\Microsoft\jdk-17.0.18.8-hotspot\bin\server;C:\Users\zBond\.gradle\native\e1d6ef7f7dcc3fd88c89a11ec53ec762bb8ba0a96d01ffa2cd45eb1d1d8dd5c5\windows-amd64;C:\Users\zBond\.gradle\native\0d407fdbe67a94daf76414ababcb853783967236a71b16ec16e742cd7a986fd3\windows-amd64

VM Arguments:
jvm_args: -XX:MaxMetaspaceSize=512m --add-opens=java.base/java.util=ALL-UNNAMED --add-opens=java.base/java.lang=ALL-UNNAMED --add-opens=java.base/java.lang.invoke=ALL-UNNAMED --add-opens=java.base/java.util=ALL-UNNAMED --add-opens=java.prefs/java.util.prefs=ALL-UNNAMED --add-opens=java.prefs/java.util.prefs=ALL-UNNAMED --add-opens=java.base/java.nio.charset=ALL-UNNAMED --add-opens=java.base/java.net=ALL-UNNAMED --add-opens=java.base/java.util.concurrent.atomic=ALL-UNNAMED -Xmx2048m -Dfile.encoding=windows-1252 -Duser.country=US -Duser.language=en -Duser.variant 
java_command: org.gradle.launcher.daemon.bootstrap.GradleDaemon 7.5.1
java_class_path (initial): C:\Users\zBond\.gradle\wrapper\dists\gradle-7.5.1-all\1ehga6e77gqps5uk2kc5kf1vc\gradle-7.5.1\lib\gradle-launcher-7.5.1.jar
Launcher Type: SUN_STANDARD

[Global flags]
     intx CICompilerCount                          = 4                                         {product} {ergonomic}
   size_t CompressedClassSpaceSize                 = 436207616                                 {product} {ergonomic}
     uint ConcGCThreads                            = 3                                         {product} {ergonomic}
     uint G1ConcRefinementThreads                  = 10                                        {product} {ergonomic}
   size_t G1HeapRegionSize                         = 1048576                                   {product} {ergonomic}
    uintx GCDrainStackTargetSize                   = 64                                        {product} {ergonomic}
   size_t InitialHeapSize                          = 130023424                                 {product} {ergonomic}
   size_t MarkStackSize                            = 4194304                                   {product} {ergonomic}
   size_t MaxHeapSize                              = 2147483648                                {product} {command line}
   size_t MaxMetaspaceSize                         = 536870912                                 {product} {command line}
   size_t MaxNewSize                               = 1287651328                                {product} {ergonomic}
   size_t MinHeapDeltaBytes                        = 1048576                                   {product} {ergonomic}
   size_t MinHeapSize                              = 8388608                                   {product} {ergonomic}
    uintx NonNMethodCodeHeapSize                   = 5839372                                {pd product} {ergonomic}
    uintx NonProfiledCodeHeapSize                  = 122909434                              {pd product} {ergonomic}
    uintx ProfiledCodeHeapSize                     = 122909434                              {pd product} {ergonomic}
    uintx ReservedCodeCacheSize                    = 251658240                              {pd product} {ergonomic}
     bool SegmentedCodeCache                       = true                                      {product} {ergonomic}
   size_t SoftMaxHeapSize                          = 2147483648                             {manageable} {ergonomic}
     bool UseCompressedClassPointers               = true                           {product lp64_product} {ergonomic}
     bool UseCompressedOops                        = true                           {product lp64_product} {ergonomic}
     bool UseG1GC                                  = true                                      {product} {ergonomic}
     bool UseLargePagesIndividualAllocation        = false                                  {pd product} {ergonomic}

Logging:
Log output configuration:
 #0: stdout all=warning uptime,level,tags
 #1: stderr all=off uptime,level,tags

Environment Variables:
JAVA_HOME=C:\Program Files\Microsoft\jdk-17.0.18.8-hotspot\
CLASSPATH=C:\Users\zBond\Trash2Cash-all\frontend\android\\gradle\wrapper\gradle-wrapper.jar
PATH=C:\Users\zBond\Trash2Cash-all\frontend\android\node_modules\.bin;C:\Users\zBond\Trash2Cash-all\frontend\node_modules\.bin;C:\Users\zBond\Trash2Cash-all\node_modules\.bin;C:\Users\zBond\node_modules\.bin;C:\Users\node_modules\.bin;C:\node_modules\.bin;C:\Program Files\nodejs;C:\Users\zBond\Trash2Cash-all\frontend\node_modules\.bin;C:\Users\zBond\Trash2Cash-all\node_modules\.bin;C:\Users\zBond\node_modules\.bin;C:\Users\node_modules\.bin;C:\node_modules\.bin;C:\Program Files\nodejs\node_modules\npm\node_modules\@npmcli\run-script\lib\node-gyp-bin;C:\Users\zBond\AppData\Local\Android\Sdk\platform-tools;C:\Users\zBond\AppData\Local\Android\Sdk\emulator;C:\Program Files\Microsoft\jdk-17.0.18.8-hotspot\bin;C:\Program Files\Common Files\Oracle\Java\javapath;C:\Program Files\Microsoft\jdk-17.0.18.8-hotspot\\bin;C:\WINDOWS\system32;C:\WINDOWS;C:\WINDOWS\System32\Wbem;C:\WINDOWS\System32\WindowsPowerShell\v1.0\;C:\WINDOWS\System32\OpenSSH\;C:\Users\zBond\AppData\Local\Programs\Python\Python312;C:\Users\zBond\AppData\Local\Android\Sdk\platform-tools;C:\Program Files\dotnet\;C:\Program Files\Docker\Docker\resources\bin;C:\Program Files\Amazon\AWSCLIV2\;C:\Program Files (x86)\Google\Cloud SDK\google-cloud-sdk\bin;C:\Program Files\Git\cmd;C:\Program Files\nodejs\;C:\Users\zBond\AppData\Local\Programs\Python\Python312\Scripts\;C:\Users\zBond\AppData\Local\Microsoft\WindowsApps;C:\Users\zBond\AppData\Local\Programs\Microsoft VS Code\bin;C:\Users\zBond\AppData\Roaming\npm;
USERNAME=zBond
OS=Windows_NT
PROCESSOR_IDENTIFIER=Intel64 Family 6 Model 154 Stepping 4, GenuineIntel
TMP=C:\Users\zBond\AppData\Local\Temp
TEMP=C:\Users\zBond\AppData\Local\Temp



Periodic native trim disabled


---------------  S Y S T E M  ---------------

OS:
 Windows 11 , 64 bit Build 26100 (10.0.26100.7920)
OS uptime: 27 days 22:17 hours
Hyper-V role detected

CPU: total 12 (initial active 12) (6 cores per cpu, 2 threads per core) family 6 model 154 stepping 4 microcode 0x43b, cx8, cmov, fxsr, ht, mmx, 3dnowpref, sse, sse2, sse3, ssse3, sse4.1, sse4.2, popcnt, lzcnt, tsc, tscinvbit, avx, avx2, aes, erms, clmul, bmi1, bmi2, adx, sha, fma, vzeroupper, clflush, clflushopt, clwb, hv
Processor Information for the first 12 processors :
  Max Mhz: 1000, Current Mhz: 1000, Mhz Limit: 1000

Memory: 4k page, system-wide physical 7812M (239M free)
TotalPageFile size 31364M (AvailPageFile size 5M)
current process WorkingSet (physical memory assigned to process): 207M, peak: 248M
current process commit charge ("private bytes"): 433M, peak: 480M

vm_info: OpenJDK 64-Bit Server VM (17.0.18+8-LTS) for windows-amd64 JRE (17.0.18+8-LTS), built on Jan 15 2026 18:50:45 by "MicrosoftCorporation" with MS VC++ 17.14 (VS2022)

END.
